<?xml version="1.0" encoding="UTF-8"?>
<coverage generated="1775847103931" clover="3.2.0">
  <project timestamp="1775847103931" name="All files">
    <metrics statements="183" coveredstatements="139" conditionals="98" coveredconditionals="68" methods="32" coveredmethods="23" elements="313" coveredelements="230" complexity="0" loc="183" ncloc="183" packages="2" files="4" classes="4"/>
    <package name="src">
      <metrics statements="181" coveredstatements="138" conditionals="98" coveredconditionals="68" methods="30" coveredmethods="22"/>
      <file name="App.css" path="C:\Users\conno\OneDrive\Documents\GitHub\Learnership-Application\frontend\src\App.css">
        <metrics statements="0" coveredstatements="0" conditionals="0" coveredconditionals="0" methods="0" coveredmethods="0"/>
      </file>
      <file name="App.jsx" path="C:\Users\conno\OneDrive\Documents\GitHub\Learnership-Application\frontend\src\App.jsx">
        <metrics statements="181" coveredstatements="138" conditionals="98" coveredconditionals="68" methods="30" coveredmethods="22"/>
        <line num="8" count="1" type="stmt"/>
        <line num="15" count="7" type="stmt"/>
        <line num="68" count="21" type="stmt"/>
        <line num="97" count="20" type="stmt"/>
        <line num="99" count="20" type="cond" truecount="2" falsecount="0"/>
        <line num="100" count="8" type="stmt"/>
        <line num="103" count="12" type="cond" truecount="2" falsecount="0"/>
        <line num="104" count="2" type="stmt"/>
        <line num="107" count="10" type="cond" truecount="2" falsecount="0"/>
        <line num="108" count="2" type="stmt"/>
        <line num="111" count="8" type="stmt"/>
        <line num="115" count="4" type="cond" truecount="2" falsecount="0"/>
        <line num="116" count="2" type="cond" truecount="1" falsecount="1"/>
        <line num="117" count="2" type="stmt"/>
        <line num="121" count="37" type="stmt"/>
        <line num="122" count="37" type="stmt"/>
        <line num="123" count="37" type="stmt"/>
        <line num="124" count="37" type="stmt"/>
        <line num="125" count="37" type="stmt"/>
        <line num="126" count="37" type="stmt"/>
        <line num="128" count="37" type="stmt"/>
        <line num="129" count="37" type="stmt"/>
        <line num="130" count="37" type="stmt"/>
        <line num="131" count="37" type="stmt"/>
        <line num="133" count="37" type="stmt"/>
        <line num="134" count="10" type="stmt"/>
        <line num="140" count="10" type="cond" truecount="1" falsecount="1"/>
        <line num="141" count="0" type="stmt"/>
        <line num="144" count="10" type="cond" truecount="2" falsecount="0"/>
        <line num="147" count="37" type="stmt"/>
        <line num="148" count="11" type="stmt"/>
        <line num="150" count="11" type="stmt"/>
        <line num="151" count="11" type="stmt"/>
        <line num="153" count="11" type="cond" truecount="1" falsecount="1"/>
        <line num="154" count="0" type="cond" truecount="0" falsecount="2"/>
        <line num="155" count="0" type="stmt"/>
        <line num="156" count="0" type="stmt"/>
        <line num="157" count="0" type="stmt"/>
        <line num="158" count="0" type="stmt"/>
        <line num="160" count="0" type="stmt"/>
        <line num="163" count="11" type="stmt"/>
        <line num="165" count="11" type="cond" truecount="1" falsecount="1"/>
        <line num="166" count="0" type="cond" truecount="0" falsecount="2"/>
        <line num="167" count="0" type="stmt"/>
        <line num="168" count="0" type="stmt"/>
        <line num="169" count="0" type="stmt"/>
        <line num="170" count="0" type="stmt"/>
        <line num="172" count="0" type="stmt"/>
        <line num="175" count="11" type="stmt"/>
        <line num="177" count="11" type="cond" truecount="2" falsecount="0"/>
        <line num="178" count="4" type="cond" truecount="1" falsecount="1"/>
        <line num="179" count="4" type="stmt"/>
        <line num="180" count="4" type="stmt"/>
        <line num="181" count="4" type="stmt"/>
        <line num="183" count="4" type="stmt"/>
        <line num="186" count="7" type="stmt"/>
        <line num="187" count="7" type="stmt"/>
        <line num="188" count="7" type="cond" truecount="1" falsecount="1"/>
        <line num="189" count="7" type="stmt"/>
        <line num="190" count="7" type="stmt"/>
        <line num="191" count="7" type="cond" truecount="1" falsecount="1"/>
        <line num="192" count="7" type="stmt"/>
        <line num="195" count="0" type="cond" truecount="0" falsecount="2"/>
        <line num="196" count="0" type="stmt"/>
        <line num="197" count="0" type="stmt"/>
        <line num="198" count="0" type="stmt"/>
        <line num="201" count="7" type="cond" truecount="1" falsecount="1"/>
        <line num="202" count="7" type="stmt"/>
        <line num="207" count="11" type="stmt"/>
        <line num="209" count="11" type="cond" truecount="1" falsecount="1"/>
        <line num="210" count="0" type="stmt"/>
        <line num="211" count="0" type="stmt"/>
        <line num="217" count="11" type="stmt"/>
        <line num="218" count="4" type="cond" truecount="1" falsecount="1"/>
        <line num="219" count="0" type="stmt"/>
        <line num="222" count="4" type="cond" truecount="4" falsecount="0"/>
        <line num="223" count="1" type="stmt"/>
        <line num="224" count="1" type="stmt"/>
        <line num="225" count="1" type="stmt"/>
        <line num="226" count="1" type="stmt"/>
        <line num="227" count="1" type="stmt"/>
        <line num="228" count="1" type="stmt"/>
        <line num="231" count="3" type="stmt"/>
        <line num="232" count="3" type="stmt"/>
        <line num="233" count="3" type="cond" truecount="1" falsecount="1"/>
        <line num="234" count="0" type="stmt"/>
        <line num="236" count="3" type="stmt"/>
        <line num="237" count="3" type="stmt"/>
        <line num="238" count="3" type="cond" truecount="2" falsecount="0"/>
        <line num="239" count="4" type="stmt"/>
        <line num="241" count="0" type="cond" truecount="0" falsecount="2"/>
        <line num="242" count="0" type="stmt"/>
        <line num="244" count="0" type="stmt"/>
        <line num="245" count="0" type="stmt"/>
        <line num="246" count="0" type="stmt"/>
        <line num="248" count="3" type="cond" truecount="1" falsecount="1"/>
        <line num="249" count="3" type="stmt"/>
        <line num="254" count="11" type="stmt"/>
        <line num="255" count="11" type="stmt"/>
        <line num="256" count="11" type="stmt"/>
        <line num="260" count="37" type="stmt"/>
        <line num="261" count="35" type="stmt"/>
        <line num="263" count="35" type="cond" truecount="7" falsecount="0"/>
        <line num="264" count="3" type="stmt"/>
        <line num="268" count="37" type="stmt"/>
        <line num="269" count="1" type="cond" truecount="1" falsecount="1"/>
        <line num="270" count="1" type="stmt"/>
        <line num="272" count="1" type="stmt"/>
        <line num="273" count="1" type="stmt"/>
        <line num="274" count="1" type="stmt"/>
        <line num="275" count="1" type="stmt"/>
        <line num="276" count="1" type="stmt"/>
        <line num="279" count="37" type="stmt"/>
        <line num="280" count="1" type="cond" truecount="1" falsecount="1"/>
        <line num="281" count="0" type="stmt"/>
        <line num="284" count="1" type="stmt"/>
        <line num="285" count="1" type="stmt"/>
        <line num="287" count="1" type="stmt"/>
        <line num="293" count="1" type="cond" truecount="1" falsecount="1"/>
        <line num="294" count="0" type="stmt"/>
        <line num="295" count="0" type="stmt"/>
        <line num="296" count="0" type="stmt"/>
        <line num="299" count="1" type="cond" truecount="1" falsecount="1"/>
        <line num="300" count="1" type="stmt"/>
        <line num="301" count="1" type="stmt"/>
        <line num="302" count="1" type="stmt"/>
        <line num="303" count="1" type="stmt"/>
        <line num="306" count="37" type="stmt"/>
        <line num="307" count="11" type="stmt"/>
        <line num="308" count="11" type="stmt"/>
        <line num="309" count="11" type="stmt"/>
        <line num="311" count="11" type="stmt"/>
        <line num="312" count="242" type="stmt"/>
        <line num="313" count="8228" type="stmt"/>
        <line num="314" count="8228" type="stmt"/>
        <line num="315" count="8228" type="stmt"/>
        <line num="316" count="8228" type="stmt"/>
        <line num="317" count="8228" type="stmt"/>
        <line num="318" count="8228" type="stmt"/>
        <line num="319" count="8228" type="stmt"/>
        <line num="320" count="8228" type="stmt"/>
        <line num="321" count="8228" type="stmt"/>
        <line num="322" count="8228" type="stmt"/>
        <line num="323" count="8228" type="stmt"/>
        <line num="327" count="11" type="stmt"/>
        <line num="330" count="37" type="stmt"/>
        <line num="331" count="0" type="stmt"/>
        <line num="332" count="0" type="stmt"/>
        <line num="333" count="0" type="stmt"/>
        <line num="334" count="0" type="stmt"/>
        <line num="337" count="37" type="stmt"/>
        <line num="339" count="37" type="stmt"/>
        <line num="340" count="2" type="stmt"/>
        <line num="342" count="2" type="cond" truecount="1" falsecount="1"/>
        <line num="343" count="0" type="stmt"/>
        <line num="344" count="0" type="stmt"/>
        <line num="347" count="2" type="stmt"/>
        <line num="349" count="2" type="stmt"/>
        <line num="356" count="2" type="cond" truecount="1" falsecount="1"/>
        <line num="357" count="0" type="stmt"/>
        <line num="358" count="0" type="stmt"/>
        <line num="362" count="37" type="stmt"/>
        <line num="363" count="11" type="stmt"/>
        <line num="365" count="11" type="stmt"/>
        <line num="367" count="0" type="stmt"/>
        <line num="368" count="0" type="cond" truecount="0" falsecount="2"/>
        <line num="369" count="0" type="stmt"/>
        <line num="371" count="0" type="stmt"/>
        <line num="378" count="11" type="stmt"/>
        <line num="380" count="11" type="stmt"/>
        <line num="381" count="11" type="stmt"/>
        <line num="382" count="11" type="stmt"/>
        <line num="386" count="37" type="stmt"/>
        <line num="387" count="11" type="stmt"/>
        <line num="388" count="11" type="stmt"/>
        <line num="389" count="11" type="stmt"/>
        <line num="390" count="11" type="stmt"/>
        <line num="393" count="37" type="stmt"/>
        <line num="440" count="27676" type="stmt"/>
        <line num="478" count="1" type="stmt"/>
        <line num="481" count="0" type="stmt"/>
      </file>
    </package>
    <package name="src.pages">
      <metrics statements="2" coveredstatements="1" conditionals="0" coveredconditionals="0" methods="2" coveredmethods="1"/>
      <file name="Dashboard.jsx" path="C:\Users\conno\OneDrive\Documents\GitHub\Learnership-Application\frontend\src\pages\Dashboard.jsx">
        <metrics statements="1" coveredstatements="1" conditionals="0" coveredconditionals="0" methods="1" coveredmethods="1"/>
        <line num="2" count="1" type="stmt"/>
      </file>
      <file name="Provider.jsx" path="C:\Users\conno\OneDrive\Documents\GitHub\Learnership-Application\frontend\src\pages\Provider.jsx">
        <metrics statements="1" coveredstatements="0" conditionals="0" coveredconditionals="0" methods="1" coveredmethods="0"/>
        <line num="2" count="0" type="stmt"/>
      </file>
    </package>
  </project>
</coverage>
