{"E:\\UNI\\Year 3\\Learnership-Application\\frontend\\src\\lib\\supabaseClient.js": {"path":"E:\\UNI\\Year 3\\Learnership-Application\\frontend\\src\\lib\\supabaseClient.js","statementMap":{"0":{"start":{"line":7,"column":20},"end":{"line":7,"column":null}},"1":{"start":{"line":8,"column":24},"end":{"line":8,"column":null}},"2":{"start":{"line":11,"column":33},"end":{"line":11,"column":72}},"3":{"start":{"line":15,"column":13},"end":{"line":17,"column":null}}},"fnMap":{},"branchMap":{"0":{"loc":{"start":{"line":11,"column":41},"end":{"line":11,"column":72}},"type":"binary-expr","locations":[{"start":{"line":11,"column":41},"end":{"line":11,"column":56}},{"start":{"line":11,"column":56},"end":{"line":11,"column":72}}],"line":11},"1":{"loc":{"start":{"line":16,"column":2},"end":{"line":16,"column":null}},"type":"binary-expr","locations":[{"start":{"line":16,"column":2},"end":{"line":16,"column":17}},{"start":{"line":16,"column":17},"end":{"line":16,"column":null}}],"line":16},"2":{"loc":{"start":{"line":17,"column":2},"end":{"line":17,"column":null}},"type":"binary-expr","locations":[{"start":{"line":17,"column":2},"end":{"line":17,"column":21}},{"start":{"line":17,"column":21},"end":{"line":17,"column":null}}],"line":17}},"s":{"0":1,"1":1,"2":1,"3":1},"f":{},"b":{"0":[1,1],"1":[1,0],"2":[1,0]},"meta":{"lastBranch":3,"lastFunction":0,"lastStatement":4,"seen":{"s:7:20:7:Infinity":0,"s:8:24:8:Infinity":1,"s:11:33:11:72":2,"b:11:41:11:56:11:56:11:72":0,"s:15:13:17:Infinity":3,"b:16:2:16:17:16:17:16:Infinity":1,"b:17:2:17:21:17:21:17:Infinity":2}}}
,"E:\\UNI\\Year 3\\Learnership-Application\\frontend\\src\\pages\\ApplicantProfile.jsx": {"path":"E:\\UNI\\Year 3\\Learnership-Application\\frontend\\src\\pages\\ApplicantProfile.jsx","statementMap":{"0":{"start":{"line":10,"column":23},"end":{"line":10,"column":null}},"1":{"start":{"line":11,"column":20},"end":{"line":11,"column":null}},"2":{"start":{"line":15,"column":17},"end":{"line":15,"column":42}},"3":{"start":{"line":16,"column":26},"end":{"line":16,"column":60}},"4":{"start":{"line":17,"column":27},"end":{"line":17,"column":62}},"5":{"start":{"line":18,"column":18},"end":{"line":18,"column":143}},"6":{"start":{"line":19,"column":23},"end":{"line":19,"column":54}},"7":{"start":{"line":20,"column":25},"end":{"line":20,"column":60}},"8":{"start":{"line":21,"column":24},"end":{"line":21,"column":56}},"9":{"start":{"line":23,"column":8},"end":{"line":23,"column":38}},"10":{"start":{"line":24,"column":8},"end":{"line":24,"column":33}},"11":{"start":{"line":25,"column":8},"end":{"line":25,"column":35}},"12":{"start":{"line":27,"column":8},"end":{"line":38,"column":null}},"13":{"start":{"line":28,"column":4},"end":{"line":30,"column":null}},"14":{"start":{"line":29,"column":6},"end":{"line":29,"column":null}},"15":{"start":{"line":30,"column":6},"end":{"line":30,"column":null}},"16":{"start":{"line":33,"column":4},"end":{"line":35,"column":null}},"17":{"start":{"line":34,"column":6},"end":{"line":34,"column":null}},"18":{"start":{"line":35,"column":6},"end":{"line":35,"column":null}},"19":{"start":{"line":38,"column":4},"end":{"line":38,"column":null}},"20":{"start":{"line":41,"column":21},"end":{"line":82,"column":null}},"21":{"start":{"line":42,"column":4},"end":{"line":44,"column":null}},"22":{"start":{"line":43,"column":6},"end":{"line":43,"column":null}},"23":{"start":{"line":44,"column":6},"end":{"line":44,"column":null}},"24":{"start":{"line":47,"column":4},"end":{"line":47,"column":null}},"25":{"start":{"line":50,"column":34},"end":{"line":54,"column":15}},"26":{"start":{"line":56,"column":4},"end":{"line":57,"column":null}},"27":{"start":{"line":57,"column":6},"end":{"line":57,"column":null}},"28":{"start":{"line":60,"column":57},"end":{"line":63,"column":6}},"29":{"start":{"line":65,"column":29},"end":{"line":65,"column":null}},"30":{"start":{"line":66,"column":4},"end":{"line":74,"column":null}},"31":{"start":{"line":67,"column":23},"end":{"line":69,"column":75}},"32":{"start":{"line":70,"column":6},"end":{"line":70,"column":null}},"33":{"start":{"line":71,"column":6},"end":{"line":71,"column":null}},"34":{"start":{"line":73,"column":6},"end":{"line":73,"column":null}},"35":{"start":{"line":74,"column":6},"end":{"line":74,"column":null}},"36":{"start":{"line":77,"column":4},"end":{"line":81,"column":null}},"37":{"start":{"line":79,"column":26},"end":{"line":79,"column":63}},"38":{"start":{"line":80,"column":18},"end":{"line":80,"column":78}},"39":{"start":{"line":82,"column":4},"end":{"line":82,"column":null}},"40":{"start":{"line":85,"column":2},"end":{"line":111,"column":null}},"41":{"start":{"line":86,"column":20},"end":{"line":86,"column":null}},"42":{"start":{"line":88,"column":26},"end":{"line":103,"column":null}},"43":{"start":{"line":89,"column":6},"end":{"line":94,"column":null}},"44":{"start":{"line":90,"column":8},"end":{"line":92,"column":null}},"45":{"start":{"line":91,"column":10},"end":{"line":91,"column":null}},"46":{"start":{"line":92,"column":10},"end":{"line":92,"column":null}},"47":{"start":{"line":94,"column":8},"end":{"line":94,"column":null}},"48":{"start":{"line":97,"column":23},"end":{"line":97,"column":52}},"49":{"start":{"line":98,"column":25},"end":{"line":98,"column":null}},"50":{"start":{"line":100,"column":6},"end":{"line":100,"column":null}},"51":{"start":{"line":100,"column":22},"end":{"line":100,"column":null}},"52":{"start":{"line":102,"column":6},"end":{"line":102,"column":null}},"53":{"start":{"line":103,"column":6},"end":{"line":103,"column":null}},"54":{"start":{"line":106,"column":4},"end":{"line":106,"column":null}},"55":{"start":{"line":108,"column":4},"end":{"line":109,"column":null}},"56":{"start":{"line":109,"column":6},"end":{"line":109,"column":null}},"57":{"start":{"line":113,"column":30},"end":{"line":134,"column":null}},"58":{"start":{"line":114,"column":17},"end":{"line":114,"column":null}},"59":{"start":{"line":115,"column":4},"end":{"line":115,"column":null}},"60":{"start":{"line":115,"column":26},"end":{"line":115,"column":null}},"61":{"start":{"line":117,"column":4},"end":{"line":117,"column":null}},"62":{"start":{"line":119,"column":22},"end":{"line":119,"column":null}},"63":{"start":{"line":120,"column":21},"end":{"line":120,"column":null}},"64":{"start":{"line":122,"column":22},"end":{"line":124,"column":47}},"65":{"start":{"line":126,"column":4},"end":{"line":129,"column":null}},"66":{"start":{"line":127,"column":6},"end":{"line":127,"column":null}},"67":{"start":{"line":128,"column":6},"end":{"line":128,"column":null}},"68":{"start":{"line":128,"column":23},"end":{"line":128,"column":43}},"69":{"start":{"line":129,"column":6},"end":{"line":129,"column":null}},"70":{"start":{"line":132,"column":4},"end":{"line":132,"column":null}},"71":{"start":{"line":133,"column":4},"end":{"line":133,"column":null}},"72":{"start":{"line":133,"column":21},"end":{"line":133,"column":41}},"73":{"start":{"line":134,"column":4},"end":{"line":134,"column":null}},"74":{"start":{"line":137,"column":31},"end":{"line":162,"column":null}},"75":{"start":{"line":138,"column":18},"end":{"line":138,"column":54}},"76":{"start":{"line":139,"column":4},"end":{"line":139,"column":null}},"77":{"start":{"line":139,"column":34},"end":{"line":139,"column":null}},"78":{"start":{"line":141,"column":4},"end":{"line":141,"column":null}},"79":{"start":{"line":143,"column":4},"end":{"line":155,"column":null}},"80":{"start":{"line":144,"column":23},"end":{"line":144,"column":53}},"81":{"start":{"line":145,"column":23},"end":{"line":145,"column":null}},"82":{"start":{"line":147,"column":24},"end":{"line":149,"column":50}},"83":{"start":{"line":151,"column":6},"end":{"line":155,"column":null}},"84":{"start":{"line":152,"column":8},"end":{"line":152,"column":null}},"85":{"start":{"line":153,"column":8},"end":{"line":153,"column":null}},"86":{"start":{"line":153,"column":25},"end":{"line":153,"column":45}},"87":{"start":{"line":154,"column":8},"end":{"line":154,"column":null}},"88":{"start":{"line":155,"column":8},"end":{"line":155,"column":null}},"89":{"start":{"line":159,"column":4},"end":{"line":159,"column":null}},"90":{"start":{"line":160,"column":4},"end":{"line":160,"column":null}},"91":{"start":{"line":161,"column":4},"end":{"line":161,"column":null}},"92":{"start":{"line":161,"column":21},"end":{"line":161,"column":41}},"93":{"start":{"line":162,"column":4},"end":{"line":162,"column":null}},"94":{"start":{"line":165,"column":25},"end":{"line":188,"column":null}},"95":{"start":{"line":166,"column":17},"end":{"line":166,"column":null}},"96":{"start":{"line":167,"column":4},"end":{"line":167,"column":null}},"97":{"start":{"line":167,"column":26},"end":{"line":167,"column":null}},"98":{"start":{"line":169,"column":4},"end":{"line":169,"column":null}},"99":{"start":{"line":171,"column":21},"end":{"line":171,"column":51}},"100":{"start":{"line":172,"column":21},"end":{"line":172,"column":null}},"101":{"start":{"line":174,"column":22},"end":{"line":176,"column":48}},"102":{"start":{"line":178,"column":4},"end":{"line":178,"column":null}},"103":{"start":{"line":180,"column":4},"end":{"line":183,"column":null}},"104":{"start":{"line":181,"column":6},"end":{"line":181,"column":null}},"105":{"start":{"line":182,"column":6},"end":{"line":182,"column":null}},"106":{"start":{"line":182,"column":23},"end":{"line":182,"column":43}},"107":{"start":{"line":183,"column":6},"end":{"line":183,"column":null}},"108":{"start":{"line":186,"column":4},"end":{"line":186,"column":null}},"109":{"start":{"line":187,"column":4},"end":{"line":187,"column":null}},"110":{"start":{"line":187,"column":21},"end":{"line":187,"column":41}},"111":{"start":{"line":188,"column":4},"end":{"line":188,"column":null}},"112":{"start":{"line":191,"column":31},"end":{"line":209,"column":null}},"113":{"start":{"line":192,"column":4},"end":{"line":192,"column":null}},"114":{"start":{"line":192,"column":30},"end":{"line":192,"column":null}},"115":{"start":{"line":194,"column":4},"end":{"line":194,"column":null}},"116":{"start":{"line":196,"column":22},"end":{"line":198,"column":40}},"117":{"start":{"line":200,"column":4},"end":{"line":203,"column":null}},"118":{"start":{"line":201,"column":6},"end":{"line":201,"column":null}},"119":{"start":{"line":202,"column":6},"end":{"line":202,"column":null}},"120":{"start":{"line":202,"column":23},"end":{"line":202,"column":43}},"121":{"start":{"line":203,"column":6},"end":{"line":203,"column":null}},"122":{"start":{"line":207,"column":4},"end":{"line":207,"column":null}},"123":{"start":{"line":208,"column":4},"end":{"line":208,"column":null}},"124":{"start":{"line":208,"column":21},"end":{"line":208,"column":41}},"125":{"start":{"line":209,"column":4},"end":{"line":209,"column":null}},"126":{"start":{"line":212,"column":37},"end":{"line":230,"column":null}},"127":{"start":{"line":213,"column":4},"end":{"line":213,"column":null}},"128":{"start":{"line":213,"column":38},"end":{"line":213,"column":null}},"129":{"start":{"line":215,"column":4},"end":{"line":215,"column":null}},"130":{"start":{"line":217,"column":22},"end":{"line":219,"column":48}},"131":{"start":{"line":221,"column":4},"end":{"line":224,"column":null}},"132":{"start":{"line":222,"column":6},"end":{"line":222,"column":null}},"133":{"start":{"line":223,"column":6},"end":{"line":223,"column":null}},"134":{"start":{"line":223,"column":23},"end":{"line":223,"column":43}},"135":{"start":{"line":224,"column":6},"end":{"line":224,"column":null}},"136":{"start":{"line":228,"column":4},"end":{"line":228,"column":null}},"137":{"start":{"line":229,"column":4},"end":{"line":229,"column":null}},"138":{"start":{"line":229,"column":21},"end":{"line":229,"column":41}},"139":{"start":{"line":230,"column":4},"end":{"line":230,"column":null}},"140":{"start":{"line":233,"column":23},"end":{"line":245,"column":null}},"141":{"start":{"line":234,"column":4},"end":{"line":234,"column":null}},"142":{"start":{"line":234,"column":30},"end":{"line":234,"column":null}},"143":{"start":{"line":236,"column":28},"end":{"line":238,"column":56}},"144":{"start":{"line":240,"column":4},"end":{"line":242,"column":null}},"145":{"start":{"line":241,"column":6},"end":{"line":241,"column":null}},"146":{"start":{"line":242,"column":6},"end":{"line":242,"column":null}},"147":{"start":{"line":245,"column":4},"end":{"line":245,"column":null}},"148":{"start":{"line":248,"column":26},"end":{"line":290,"column":null}},"149":{"start":{"line":249,"column":4},"end":{"line":252,"column":null}},"150":{"start":{"line":250,"column":6},"end":{"line":250,"column":null}},"151":{"start":{"line":251,"column":6},"end":{"line":251,"column":null}},"152":{"start":{"line":251,"column":23},"end":{"line":251,"column":43}},"153":{"start":{"line":252,"column":6},"end":{"line":252,"column":null}},"154":{"start":{"line":255,"column":4},"end":{"line":255,"column":null}},"155":{"start":{"line":258,"column":58},"end":{"line":262,"column":15}},"156":{"start":{"line":265,"column":4},"end":{"line":280,"column":null}},"157":{"start":{"line":267,"column":6},"end":{"line":267,"column":null}},"158":{"start":{"line":268,"column":15},"end":{"line":280,"column":null}},"159":{"start":{"line":270,"column":37},"end":{"line":273,"column":30}},"160":{"start":{"line":274,"column":6},"end":{"line":274,"column":null}},"161":{"start":{"line":277,"column":37},"end":{"line":279,"column":55}},"162":{"start":{"line":280,"column":6},"end":{"line":280,"column":null}},"163":{"start":{"line":283,"column":4},"end":{"line":286,"column":null}},"164":{"start":{"line":284,"column":6},"end":{"line":284,"column":null}},"165":{"start":{"line":285,"column":6},"end":{"line":285,"column":null}},"166":{"start":{"line":285,"column":23},"end":{"line":285,"column":43}},"167":{"start":{"line":286,"column":6},"end":{"line":286,"column":null}},"168":{"start":{"line":289,"column":4},"end":{"line":289,"column":null}},"169":{"start":{"line":290,"column":4},"end":{"line":290,"column":null}},"170":{"start":{"line":290,"column":21},"end":{"line":290,"column":41}},"171":{"start":{"line":293,"column":2},"end":{"line":455,"column":null}},"172":{"start":{"line":326,"column":14},"end":{"line":326,"column":null}},"173":{"start":{"line":326,"column":40},"end":{"line":326,"column":null}},"174":{"start":{"line":327,"column":14},"end":{"line":327,"column":null}},"175":{"start":{"line":354,"column":33},"end":{"line":354,"column":63}},"176":{"start":{"line":380,"column":16},"end":{"line":380,"column":null}},"177":{"start":{"line":380,"column":42},"end":{"line":380,"column":null}},"178":{"start":{"line":381,"column":16},"end":{"line":381,"column":null}},"179":{"start":{"line":392,"column":16},"end":{"line":392,"column":null}},"180":{"start":{"line":392,"column":42},"end":{"line":392,"column":null}},"181":{"start":{"line":393,"column":16},"end":{"line":393,"column":null}},"182":{"start":{"line":408,"column":12},"end":{"line":434,"column":null}},"183":{"start":{"line":411,"column":31},"end":{"line":411,"column":53}},"184":{"start":{"line":429,"column":31},"end":{"line":429,"column":61}}},"fnMap":{"0":{"name":"ApplicantProfile","decl":{"start":{"line":14,"column":24},"end":{"line":14,"column":41}},"loc":{"start":{"line":14,"column":55},"end":{"line":455,"column":null}},"line":14},"1":{"name":"(anonymous_1)","decl":{"start":{"line":27,"column":8},"end":{"line":27,"column":34}},"loc":{"start":{"line":27,"column":34},"end":{"line":38,"column":null}},"line":27},"2":{"name":"(anonymous_2)","decl":{"start":{"line":41,"column":21},"end":{"line":41,"column":28}},"loc":{"start":{"line":41,"column":43},"end":{"line":82,"column":null}},"line":41},"3":{"name":"(anonymous_3)","decl":{"start":{"line":79,"column":9},"end":{"line":79,"column":17}},"loc":{"start":{"line":79,"column":26},"end":{"line":79,"column":63}},"line":79},"4":{"name":"(anonymous_4)","decl":{"start":{"line":80,"column":9},"end":{"line":80,"column":15}},"loc":{"start":{"line":80,"column":18},"end":{"line":80,"column":78}},"line":80},"5":{"name":"(anonymous_5)","decl":{"start":{"line":85,"column":2},"end":{"line":85,"column":18}},"loc":{"start":{"line":85,"column":18},"end":{"line":111,"column":7}},"line":85},"6":{"name":"(anonymous_6)","decl":{"start":{"line":88,"column":26},"end":{"line":88,"column":38}},"loc":{"start":{"line":88,"column":38},"end":{"line":103,"column":null}},"line":88},"7":{"name":"(anonymous_7)","decl":{"start":{"line":108,"column":4},"end":{"line":108,"column":17}},"loc":{"start":{"line":108,"column":17},"end":{"line":109,"column":null}},"line":108},"8":{"name":"(anonymous_8)","decl":{"start":{"line":113,"column":30},"end":{"line":113,"column":37}},"loc":{"start":{"line":113,"column":47},"end":{"line":134,"column":null}},"line":113},"9":{"name":"(anonymous_9)","decl":{"start":{"line":128,"column":6},"end":{"line":128,"column":23}},"loc":{"start":{"line":128,"column":23},"end":{"line":128,"column":43}},"line":128},"10":{"name":"(anonymous_10)","decl":{"start":{"line":133,"column":4},"end":{"line":133,"column":21}},"loc":{"start":{"line":133,"column":21},"end":{"line":133,"column":41}},"line":133},"11":{"name":"(anonymous_11)","decl":{"start":{"line":137,"column":31},"end":{"line":137,"column":38}},"loc":{"start":{"line":137,"column":48},"end":{"line":162,"column":null}},"line":137},"12":{"name":"(anonymous_12)","decl":{"start":{"line":153,"column":8},"end":{"line":153,"column":25}},"loc":{"start":{"line":153,"column":25},"end":{"line":153,"column":45}},"line":153},"13":{"name":"(anonymous_13)","decl":{"start":{"line":161,"column":4},"end":{"line":161,"column":21}},"loc":{"start":{"line":161,"column":21},"end":{"line":161,"column":41}},"line":161},"14":{"name":"(anonymous_14)","decl":{"start":{"line":165,"column":25},"end":{"line":165,"column":32}},"loc":{"start":{"line":165,"column":42},"end":{"line":188,"column":null}},"line":165},"15":{"name":"(anonymous_15)","decl":{"start":{"line":182,"column":6},"end":{"line":182,"column":23}},"loc":{"start":{"line":182,"column":23},"end":{"line":182,"column":43}},"line":182},"16":{"name":"(anonymous_16)","decl":{"start":{"line":187,"column":4},"end":{"line":187,"column":21}},"loc":{"start":{"line":187,"column":21},"end":{"line":187,"column":41}},"line":187},"17":{"name":"(anonymous_17)","decl":{"start":{"line":191,"column":31},"end":{"line":191,"column":38}},"loc":{"start":{"line":191,"column":51},"end":{"line":209,"column":null}},"line":191},"18":{"name":"(anonymous_18)","decl":{"start":{"line":202,"column":6},"end":{"line":202,"column":23}},"loc":{"start":{"line":202,"column":23},"end":{"line":202,"column":43}},"line":202},"19":{"name":"(anonymous_19)","decl":{"start":{"line":208,"column":4},"end":{"line":208,"column":21}},"loc":{"start":{"line":208,"column":21},"end":{"line":208,"column":41}},"line":208},"20":{"name":"(anonymous_20)","decl":{"start":{"line":212,"column":37},"end":{"line":212,"column":49}},"loc":{"start":{"line":212,"column":49},"end":{"line":230,"column":null}},"line":212},"21":{"name":"(anonymous_21)","decl":{"start":{"line":223,"column":6},"end":{"line":223,"column":23}},"loc":{"start":{"line":223,"column":23},"end":{"line":223,"column":43}},"line":223},"22":{"name":"(anonymous_22)","decl":{"start":{"line":229,"column":4},"end":{"line":229,"column":21}},"loc":{"start":{"line":229,"column":21},"end":{"line":229,"column":41}},"line":229},"23":{"name":"(anonymous_23)","decl":{"start":{"line":233,"column":23},"end":{"line":233,"column":30}},"loc":{"start":{"line":233,"column":43},"end":{"line":245,"column":null}},"line":233},"24":{"name":"(anonymous_24)","decl":{"start":{"line":248,"column":26},"end":{"line":248,"column":38}},"loc":{"start":{"line":248,"column":38},"end":{"line":290,"column":null}},"line":248},"25":{"name":"(anonymous_25)","decl":{"start":{"line":251,"column":6},"end":{"line":251,"column":23}},"loc":{"start":{"line":251,"column":23},"end":{"line":251,"column":43}},"line":251},"26":{"name":"(anonymous_26)","decl":{"start":{"line":285,"column":6},"end":{"line":285,"column":23}},"loc":{"start":{"line":285,"column":23},"end":{"line":285,"column":43}},"line":285},"27":{"name":"(anonymous_27)","decl":{"start":{"line":290,"column":4},"end":{"line":290,"column":21}},"loc":{"start":{"line":290,"column":21},"end":{"line":290,"column":41}},"line":290},"28":{"name":"(anonymous_28)","decl":{"start":{"line":325,"column":12},"end":{"line":325,"column":27}},"loc":{"start":{"line":325,"column":27},"end":{"line":327,"column":null}},"line":325},"29":{"name":"(anonymous_29)","decl":{"start":{"line":354,"column":12},"end":{"line":354,"column":23}},"loc":{"start":{"line":354,"column":33},"end":{"line":354,"column":63}},"line":354},"30":{"name":"(anonymous_30)","decl":{"start":{"line":379,"column":14},"end":{"line":379,"column":29}},"loc":{"start":{"line":379,"column":29},"end":{"line":381,"column":null}},"line":379},"31":{"name":"(anonymous_31)","decl":{"start":{"line":391,"column":14},"end":{"line":391,"column":29}},"loc":{"start":{"line":391,"column":29},"end":{"line":393,"column":null}},"line":391},"32":{"name":"(anonymous_32)","decl":{"start":{"line":407,"column":27},"end":{"line":407,"column":32}},"loc":{"start":{"line":408,"column":12},"end":{"line":434,"column":null}},"line":408},"33":{"name":"(anonymous_33)","decl":{"start":{"line":411,"column":16},"end":{"line":411,"column":31}},"loc":{"start":{"line":411,"column":31},"end":{"line":411,"column":53}},"line":411},"34":{"name":"(anonymous_34)","decl":{"start":{"line":429,"column":16},"end":{"line":429,"column":31}},"loc":{"start":{"line":429,"column":31},"end":{"line":429,"column":61}},"line":429}},"branchMap":{"0":{"loc":{"start":{"line":28,"column":4},"end":{"line":30,"column":null}},"type":"if","locations":[{"start":{"line":28,"column":4},"end":{"line":30,"column":null}},{"start":{},"end":{}}],"line":28},"1":{"loc":{"start":{"line":33,"column":4},"end":{"line":35,"column":null}},"type":"if","locations":[{"start":{"line":33,"column":4},"end":{"line":35,"column":null}},{"start":{},"end":{}}],"line":33},"2":{"loc":{"start":{"line":42,"column":4},"end":{"line":44,"column":null}},"type":"if","locations":[{"start":{"line":42,"column":4},"end":{"line":44,"column":null}},{"start":{},"end":{}}],"line":42},"3":{"loc":{"start":{"line":42,"column":8},"end":{"line":42,"column":43}},"type":"binary-expr","locations":[{"start":{"line":42,"column":8},"end":{"line":42,"column":23}},{"start":{"line":42,"column":23},"end":{"line":42,"column":43}}],"line":42},"4":{"loc":{"start":{"line":56,"column":4},"end":{"line":57,"column":null}},"type":"if","locations":[{"start":{"line":56,"column":4},"end":{"line":57,"column":null}},{"start":{},"end":{}}],"line":56},"5":{"loc":{"start":{"line":66,"column":4},"end":{"line":74,"column":null}},"type":"if","locations":[{"start":{"line":66,"column":4},"end":{"line":74,"column":null}},{"start":{"line":72,"column":11},"end":{"line":74,"column":null}}],"line":66},"6":{"loc":{"start":{"line":70,"column":25},"end":{"line":70,"column":47}},"type":"binary-expr","locations":[{"start":{"line":70,"column":25},"end":{"line":70,"column":44}},{"start":{"line":70,"column":44},"end":{"line":70,"column":47}}],"line":70},"7":{"loc":{"start":{"line":78,"column":7},"end":{"line":78,"column":21}},"type":"binary-expr","locations":[{"start":{"line":78,"column":7},"end":{"line":78,"column":19}},{"start":{"line":78,"column":19},"end":{"line":78,"column":21}}],"line":78},"8":{"loc":{"start":{"line":79,"column":26},"end":{"line":79,"column":63}},"type":"binary-expr","locations":[{"start":{"line":79,"column":26},"end":{"line":79,"column":39}},{"start":{"line":79,"column":39},"end":{"line":79,"column":63}}],"line":79},"9":{"loc":{"start":{"line":80,"column":25},"end":{"line":80,"column":45}},"type":"binary-expr","locations":[{"start":{"line":80,"column":25},"end":{"line":80,"column":41}},{"start":{"line":80,"column":41},"end":{"line":80,"column":45}}],"line":80},"10":{"loc":{"start":{"line":80,"column":59},"end":{"line":80,"column":78}},"type":"binary-expr","locations":[{"start":{"line":80,"column":59},"end":{"line":80,"column":75}},{"start":{"line":80,"column":75},"end":{"line":80,"column":78}}],"line":80},"11":{"loc":{"start":{"line":89,"column":6},"end":{"line":94,"column":null}},"type":"if","locations":[{"start":{"line":89,"column":6},"end":{"line":94,"column":null}},{"start":{},"end":{}}],"line":89},"12":{"loc":{"start":{"line":90,"column":8},"end":{"line":92,"column":null}},"type":"if","locations":[{"start":{"line":90,"column":8},"end":{"line":92,"column":null}},{"start":{},"end":{}}],"line":90},"13":{"loc":{"start":{"line":98,"column":25},"end":{"line":98,"column":null}},"type":"binary-expr","locations":[{"start":{"line":98,"column":25},"end":{"line":98,"column":43}},{"start":{"line":98,"column":43},"end":{"line":98,"column":null}}],"line":98},"14":{"loc":{"start":{"line":100,"column":6},"end":{"line":100,"column":null}},"type":"if","locations":[{"start":{"line":100,"column":6},"end":{"line":100,"column":null}},{"start":{},"end":{}}],"line":100},"15":{"loc":{"start":{"line":115,"column":4},"end":{"line":115,"column":null}},"type":"if","locations":[{"start":{"line":115,"column":4},"end":{"line":115,"column":null}},{"start":{},"end":{}}],"line":115},"16":{"loc":{"start":{"line":115,"column":8},"end":{"line":115,"column":26}},"type":"binary-expr","locations":[{"start":{"line":115,"column":8},"end":{"line":115,"column":17}},{"start":{"line":115,"column":17},"end":{"line":115,"column":26}}],"line":115},"17":{"loc":{"start":{"line":119,"column":22},"end":{"line":119,"column":null}},"type":"binary-expr","locations":[{"start":{"line":119,"column":22},"end":{"line":119,"column":48}},{"start":{"line":119,"column":52},"end":{"line":119,"column":null}}],"line":119},"18":{"loc":{"start":{"line":126,"column":4},"end":{"line":129,"column":null}},"type":"if","locations":[{"start":{"line":126,"column":4},"end":{"line":129,"column":null}},{"start":{},"end":{}}],"line":126},"19":{"loc":{"start":{"line":138,"column":29},"end":{"line":138,"column":53}},"type":"binary-expr","locations":[{"start":{"line":138,"column":29},"end":{"line":138,"column":51}},{"start":{"line":138,"column":51},"end":{"line":138,"column":53}}],"line":138},"20":{"loc":{"start":{"line":139,"column":4},"end":{"line":139,"column":null}},"type":"if","locations":[{"start":{"line":139,"column":4},"end":{"line":139,"column":null}},{"start":{},"end":{}}],"line":139},"21":{"loc":{"start":{"line":139,"column":8},"end":{"line":139,"column":34}},"type":"binary-expr","locations":[{"start":{"line":139,"column":8},"end":{"line":139,"column":25}},{"start":{"line":139,"column":25},"end":{"line":139,"column":34}}],"line":139},"22":{"loc":{"start":{"line":141,"column":58},"end":{"line":141,"column":86}},"type":"cond-expr","locations":[{"start":{"line":141,"column":77},"end":{"line":141,"column":83}},{"start":{"line":141,"column":83},"end":{"line":141,"column":86}}],"line":141},"23":{"loc":{"start":{"line":151,"column":6},"end":{"line":155,"column":null}},"type":"if","locations":[{"start":{"line":151,"column":6},"end":{"line":155,"column":null}},{"start":{},"end":{}}],"line":151},"24":{"loc":{"start":{"line":167,"column":4},"end":{"line":167,"column":null}},"type":"if","locations":[{"start":{"line":167,"column":4},"end":{"line":167,"column":null}},{"start":{},"end":{}}],"line":167},"25":{"loc":{"start":{"line":167,"column":8},"end":{"line":167,"column":26}},"type":"binary-expr","locations":[{"start":{"line":167,"column":8},"end":{"line":167,"column":17}},{"start":{"line":167,"column":17},"end":{"line":167,"column":26}}],"line":167},"26":{"loc":{"start":{"line":180,"column":4},"end":{"line":183,"column":null}},"type":"if","locations":[{"start":{"line":180,"column":4},"end":{"line":183,"column":null}},{"start":{},"end":{}}],"line":180},"27":{"loc":{"start":{"line":192,"column":4},"end":{"line":192,"column":null}},"type":"if","locations":[{"start":{"line":192,"column":4},"end":{"line":192,"column":null}},{"start":{},"end":{}}],"line":192},"28":{"loc":{"start":{"line":192,"column":8},"end":{"line":192,"column":30}},"type":"binary-expr","locations":[{"start":{"line":192,"column":8},"end":{"line":192,"column":19}},{"start":{"line":192,"column":19},"end":{"line":192,"column":30}}],"line":192},"29":{"loc":{"start":{"line":200,"column":4},"end":{"line":203,"column":null}},"type":"if","locations":[{"start":{"line":200,"column":4},"end":{"line":203,"column":null}},{"start":{},"end":{}}],"line":200},"30":{"loc":{"start":{"line":213,"column":4},"end":{"line":213,"column":null}},"type":"if","locations":[{"start":{"line":213,"column":4},"end":{"line":213,"column":null}},{"start":{},"end":{}}],"line":213},"31":{"loc":{"start":{"line":213,"column":8},"end":{"line":213,"column":38}},"type":"binary-expr","locations":[{"start":{"line":213,"column":8},"end":{"line":213,"column":19}},{"start":{"line":213,"column":19},"end":{"line":213,"column":38}}],"line":213},"32":{"loc":{"start":{"line":221,"column":4},"end":{"line":224,"column":null}},"type":"if","locations":[{"start":{"line":221,"column":4},"end":{"line":224,"column":null}},{"start":{},"end":{}}],"line":221},"33":{"loc":{"start":{"line":234,"column":4},"end":{"line":234,"column":null}},"type":"if","locations":[{"start":{"line":234,"column":4},"end":{"line":234,"column":null}},{"start":{},"end":{}}],"line":234},"34":{"loc":{"start":{"line":234,"column":8},"end":{"line":234,"column":30}},"type":"binary-expr","locations":[{"start":{"line":234,"column":8},"end":{"line":234,"column":19}},{"start":{"line":234,"column":19},"end":{"line":234,"column":30}}],"line":234},"35":{"loc":{"start":{"line":240,"column":4},"end":{"line":242,"column":null}},"type":"if","locations":[{"start":{"line":240,"column":4},"end":{"line":242,"column":null}},{"start":{},"end":{}}],"line":240},"36":{"loc":{"start":{"line":240,"column":8},"end":{"line":240,"column":35}},"type":"binary-expr","locations":[{"start":{"line":240,"column":8},"end":{"line":240,"column":17}},{"start":{"line":240,"column":17},"end":{"line":240,"column":35}}],"line":240},"37":{"loc":{"start":{"line":249,"column":4},"end":{"line":252,"column":null}},"type":"if","locations":[{"start":{"line":249,"column":4},"end":{"line":252,"column":null}},{"start":{},"end":{}}],"line":249},"38":{"loc":{"start":{"line":249,"column":8},"end":{"line":249,"column":34}},"type":"binary-expr","locations":[{"start":{"line":249,"column":8},"end":{"line":249,"column":19}},{"start":{"line":249,"column":19},"end":{"line":249,"column":34}}],"line":249},"39":{"loc":{"start":{"line":265,"column":4},"end":{"line":280,"column":null}},"type":"if","locations":[{"start":{"line":265,"column":4},"end":{"line":280,"column":null}},{"start":{"line":268,"column":15},"end":{"line":280,"column":null}}],"line":265},"40":{"loc":{"start":{"line":265,"column":8},"end":{"line":265,"column":56}},"type":"binary-expr","locations":[{"start":{"line":265,"column":8},"end":{"line":265,"column":23}},{"start":{"line":265,"column":23},"end":{"line":265,"column":56}}],"line":265},"41":{"loc":{"start":{"line":268,"column":15},"end":{"line":280,"column":null}},"type":"if","locations":[{"start":{"line":268,"column":15},"end":{"line":280,"column":null}},{"start":{"line":275,"column":11},"end":{"line":280,"column":null}}],"line":268},"42":{"loc":{"start":{"line":283,"column":4},"end":{"line":286,"column":null}},"type":"if","locations":[{"start":{"line":283,"column":4},"end":{"line":286,"column":null}},{"start":{},"end":{}}],"line":283},"43":{"loc":{"start":{"line":300,"column":11},"end":{"line":300,"column":null}},"type":"cond-expr","locations":[{"start":{"line":300,"column":27},"end":{"line":300,"column":null}},{"start":{"line":300,"column":79},"end":{"line":300,"column":null}}],"line":300},"44":{"loc":{"start":{"line":316,"column":13},"end":{"line":319,"column":null}},"type":"cond-expr","locations":[{"start":{"line":317,"column":14},"end":{"line":319,"column":15}},{"start":{"line":319,"column":14},"end":{"line":319,"column":null}}],"line":316},"45":{"loc":{"start":{"line":326,"column":14},"end":{"line":326,"column":null}},"type":"if","locations":[{"start":{"line":326,"column":14},"end":{"line":326,"column":null}},{"start":{},"end":{}}],"line":326},"46":{"loc":{"start":{"line":372,"column":9},"end":{"line":372,"column":null}},"type":"cond-expr","locations":[{"start":{"line":372,"column":26},"end":{"line":372,"column":null}},{"start":{"line":372,"column":84},"end":{"line":372,"column":null}}],"line":372},"47":{"loc":{"start":{"line":380,"column":16},"end":{"line":380,"column":null}},"type":"if","locations":[{"start":{"line":380,"column":16},"end":{"line":380,"column":null}},{"start":{},"end":{}}],"line":380},"48":{"loc":{"start":{"line":392,"column":16},"end":{"line":392,"column":null}},"type":"if","locations":[{"start":{"line":392,"column":16},"end":{"line":392,"column":null}},{"start":{},"end":{}}],"line":392},"49":{"loc":{"start":{"line":402,"column":11},"end":{"line":434,"column":null}},"type":"cond-expr","locations":[{"start":{"line":403,"column":12},"end":{"line":407,"column":27}},{"start":{"line":407,"column":14},"end":{"line":434,"column":null}}],"line":402}},"s":{"0":1,"1":1,"2":1,"3":1,"4":1,"5":1,"6":1,"7":1,"8":1,"9":1,"10":1,"11":1,"12":1,"13":0,"14":0,"15":0,"16":0,"17":0,"18":0,"19":0,"20":1,"21":0,"22":0,"23":0,"24":0,"25":0,"26":0,"27":0,"28":0,"29":0,"30":0,"31":0,"32":0,"33":0,"34":0,"35":0,"36":0,"37":0,"38":0,"39":0,"40":1,"41":1,"42":1,"43":1,"44":0,"45":0,"46":0,"47":0,"48":1,"49":1,"50":1,"51":1,"52":0,"53":0,"54":1,"55":1,"56":1,"57":1,"58":0,"59":0,"60":0,"61":0,"62":0,"63":0,"64":0,"65":0,"66":0,"67":0,"68":0,"69":0,"70":0,"71":0,"72":0,"73":0,"74":1,"75":0,"76":0,"77":0,"78":0,"79":0,"80":0,"81":0,"82":0,"83":0,"84":0,"85":0,"86":0,"87":0,"88":0,"89":0,"90":0,"91":0,"92":0,"93":0,"94":1,"95":0,"96":0,"97":0,"98":0,"99":0,"100":0,"101":0,"102":0,"103":0,"104":0,"105":0,"106":0,"107":0,"108":0,"109":0,"110":0,"111":0,"112":1,"113":0,"114":0,"115":0,"116":0,"117":0,"118":0,"119":0,"120":0,"121":0,"122":0,"123":0,"124":0,"125":0,"126":1,"127":0,"128":0,"129":0,"130":0,"131":0,"132":0,"133":0,"134":0,"135":0,"136":0,"137":0,"138":0,"139":0,"140":1,"141":0,"142":0,"143":0,"144":0,"145":0,"146":0,"147":0,"148":1,"149":0,"150":0,"151":0,"152":0,"153":0,"154":0,"155":0,"156":0,"157":0,"158":0,"159":0,"160":0,"161":0,"162":0,"163":0,"164":0,"165":0,"166":0,"167":0,"168":0,"169":0,"170":0,"171":1,"172":0,"173":0,"174":0,"175":0,"176":0,"177":0,"178":0,"179":0,"180":0,"181":0,"182":0,"183":0,"184":0},"f":{"0":1,"1":0,"2":0,"3":0,"4":0,"5":1,"6":1,"7":1,"8":0,"9":0,"10":0,"11":0,"12":0,"13":0,"14":0,"15":0,"16":0,"17":0,"18":0,"19":0,"20":0,"21":0,"22":0,"23":0,"24":0,"25":0,"26":0,"27":0,"28":0,"29":0,"30":0,"31":0,"32":0,"33":0,"34":0},"b":{"0":[0,0],"1":[0,0],"2":[0,0],"3":[0,0],"4":[0,0],"5":[0,0],"6":[0,0],"7":[0,0],"8":[0,0],"9":[0,0],"10":[0,0],"11":[0,1],"12":[0,0],"13":[1,1],"14":[1,0],"15":[0,0],"16":[0,0],"17":[0,0],"18":[0,0],"19":[0,0],"20":[0,0],"21":[0,0],"22":[0,0],"23":[0,0],"24":[0,0],"25":[0,0],"26":[0,0],"27":[0,0],"28":[0,0],"29":[0,0],"30":[0,0],"31":[0,0],"32":[0,0],"33":[0,0],"34":[0,0],"35":[0,0],"36":[0,0],"37":[0,0],"38":[0,0],"39":[0,0],"40":[0,0],"41":[0,0],"42":[0,0],"43":[0,1],"44":[0,1],"45":[0,0],"46":[1,0],"47":[0,0],"48":[0,0],"49":[1,0]},"meta":{"lastBranch":50,"lastFunction":35,"lastStatement":185,"seen":{"s:10:23:10:Infinity":0,"s:11:20:11:Infinity":1,"f:14:24:14:41":0,"s:15:17:15:42":2,"s:16:26:16:60":3,"s:17:27:17:62":4,"s:18:18:18:143":5,"s:19:23:19:54":6,"s:20:25:20:60":7,"s:21:24:21:56":8,"s:23:8:23:38":9,"s:24:8:24:33":10,"s:25:8:25:35":11,"s:27:8:38:Infinity":12,"f:27:8:27:34":1,"b:28:4:30:Infinity:undefined:undefined:undefined:undefined":0,"s:28:4:30:Infinity":13,"s:29:6:29:Infinity":14,"s:30:6:30:Infinity":15,"b:33:4:35:Infinity:undefined:undefined:undefined:undefined":1,"s:33:4:35:Infinity":16,"s:34:6:34:Infinity":17,"s:35:6:35:Infinity":18,"s:38:4:38:Infinity":19,"s:41:21:82:Infinity":20,"f:41:21:41:28":2,"b:42:4:44:Infinity:undefined:undefined:undefined:undefined":2,"s:42:4:44:Infinity":21,"b:42:8:42:23:42:23:42:43":3,"s:43:6:43:Infinity":22,"s:44:6:44:Infinity":23,"s:47:4:47:Infinity":24,"s:50:34:54:15":25,"b:56:4:57:Infinity:undefined:undefined:undefined:undefined":4,"s:56:4:57:Infinity":26,"s:57:6:57:Infinity":27,"s:60:57:63:6":28,"s:65:29:65:Infinity":29,"b:66:4:74:Infinity:72:11:74:Infinity":5,"s:66:4:74:Infinity":30,"s:67:23:69:75":31,"s:70:6:70:Infinity":32,"b:70:25:70:44:70:44:70:47":6,"s:71:6:71:Infinity":33,"s:73:6:73:Infinity":34,"s:74:6:74:Infinity":35,"s:77:4:81:Infinity":36,"b:78:7:78:19:78:19:78:21":7,"f:79:9:79:17":3,"s:79:26:79:63":37,"b:79:26:79:39:79:39:79:63":8,"f:80:9:80:15":4,"s:80:18:80:78":38,"b:80:25:80:41:80:41:80:45":9,"b:80:59:80:75:80:75:80:78":10,"s:82:4:82:Infinity":39,"s:85:2:111:Infinity":40,"f:85:2:85:18":5,"s:86:20:86:Infinity":41,"s:88:26:103:Infinity":42,"f:88:26:88:38":6,"b:89:6:94:Infinity:undefined:undefined:undefined:undefined":11,"s:89:6:94:Infinity":43,"b:90:8:92:Infinity:undefined:undefined:undefined:undefined":12,"s:90:8:92:Infinity":44,"s:91:10:91:Infinity":45,"s:92:10:92:Infinity":46,"s:94:8:94:Infinity":47,"s:97:23:97:52":48,"s:98:25:98:Infinity":49,"b:98:25:98:43:98:43:98:Infinity":13,"b:100:6:100:Infinity:undefined:undefined:undefined:undefined":14,"s:100:6:100:Infinity":50,"s:100:22:100:Infinity":51,"s:102:6:102:Infinity":52,"s:103:6:103:Infinity":53,"s:106:4:106:Infinity":54,"s:108:4:109:Infinity":55,"f:108:4:108:17":7,"s:109:6:109:Infinity":56,"s:113:30:134:Infinity":57,"f:113:30:113:37":8,"s:114:17:114:Infinity":58,"b:115:4:115:Infinity:undefined:undefined:undefined:undefined":15,"s:115:4:115:Infinity":59,"b:115:8:115:17:115:17:115:26":16,"s:115:26:115:Infinity":60,"s:117:4:117:Infinity":61,"s:119:22:119:Infinity":62,"b:119:22:119:48:119:52:119:Infinity":17,"s:120:21:120:Infinity":63,"s:122:22:124:47":64,"b:126:4:129:Infinity:undefined:undefined:undefined:undefined":18,"s:126:4:129:Infinity":65,"s:127:6:127:Infinity":66,"s:128:6:128:Infinity":67,"f:128:6:128:23":9,"s:128:23:128:43":68,"s:129:6:129:Infinity":69,"s:132:4:132:Infinity":70,"s:133:4:133:Infinity":71,"f:133:4:133:21":10,"s:133:21:133:41":72,"s:134:4:134:Infinity":73,"s:137:31:162:Infinity":74,"f:137:31:137:38":11,"s:138:18:138:54":75,"b:138:29:138:51:138:51:138:53":19,"b:139:4:139:Infinity:undefined:undefined:undefined:undefined":20,"s:139:4:139:Infinity":76,"b:139:8:139:25:139:25:139:34":21,"s:139:34:139:Infinity":77,"s:141:4:141:Infinity":78,"b:141:77:141:83:141:83:141:86":22,"s:143:4:155:Infinity":79,"s:144:23:144:53":80,"s:145:23:145:Infinity":81,"s:147:24:149:50":82,"b:151:6:155:Infinity:undefined:undefined:undefined:undefined":23,"s:151:6:155:Infinity":83,"s:152:8:152:Infinity":84,"s:153:8:153:Infinity":85,"f:153:8:153:25":12,"s:153:25:153:45":86,"s:154:8:154:Infinity":87,"s:155:8:155:Infinity":88,"s:159:4:159:Infinity":89,"s:160:4:160:Infinity":90,"s:161:4:161:Infinity":91,"f:161:4:161:21":13,"s:161:21:161:41":92,"s:162:4:162:Infinity":93,"s:165:25:188:Infinity":94,"f:165:25:165:32":14,"s:166:17:166:Infinity":95,"b:167:4:167:Infinity:undefined:undefined:undefined:undefined":24,"s:167:4:167:Infinity":96,"b:167:8:167:17:167:17:167:26":25,"s:167:26:167:Infinity":97,"s:169:4:169:Infinity":98,"s:171:21:171:51":99,"s:172:21:172:Infinity":100,"s:174:22:176:48":101,"s:178:4:178:Infinity":102,"b:180:4:183:Infinity:undefined:undefined:undefined:undefined":26,"s:180:4:183:Infinity":103,"s:181:6:181:Infinity":104,"s:182:6:182:Infinity":105,"f:182:6:182:23":15,"s:182:23:182:43":106,"s:183:6:183:Infinity":107,"s:186:4:186:Infinity":108,"s:187:4:187:Infinity":109,"f:187:4:187:21":16,"s:187:21:187:41":110,"s:188:4:188:Infinity":111,"s:191:31:209:Infinity":112,"f:191:31:191:38":17,"b:192:4:192:Infinity:undefined:undefined:undefined:undefined":27,"s:192:4:192:Infinity":113,"b:192:8:192:19:192:19:192:30":28,"s:192:30:192:Infinity":114,"s:194:4:194:Infinity":115,"s:196:22:198:40":116,"b:200:4:203:Infinity:undefined:undefined:undefined:undefined":29,"s:200:4:203:Infinity":117,"s:201:6:201:Infinity":118,"s:202:6:202:Infinity":119,"f:202:6:202:23":18,"s:202:23:202:43":120,"s:203:6:203:Infinity":121,"s:207:4:207:Infinity":122,"s:208:4:208:Infinity":123,"f:208:4:208:21":19,"s:208:21:208:41":124,"s:209:4:209:Infinity":125,"s:212:37:230:Infinity":126,"f:212:37:212:49":20,"b:213:4:213:Infinity:undefined:undefined:undefined:undefined":30,"s:213:4:213:Infinity":127,"b:213:8:213:19:213:19:213:38":31,"s:213:38:213:Infinity":128,"s:215:4:215:Infinity":129,"s:217:22:219:48":130,"b:221:4:224:Infinity:undefined:undefined:undefined:undefined":32,"s:221:4:224:Infinity":131,"s:222:6:222:Infinity":132,"s:223:6:223:Infinity":133,"f:223:6:223:23":21,"s:223:23:223:43":134,"s:224:6:224:Infinity":135,"s:228:4:228:Infinity":136,"s:229:4:229:Infinity":137,"f:229:4:229:21":22,"s:229:21:229:41":138,"s:230:4:230:Infinity":139,"s:233:23:245:Infinity":140,"f:233:23:233:30":23,"b:234:4:234:Infinity:undefined:undefined:undefined:undefined":33,"s:234:4:234:Infinity":141,"b:234:8:234:19:234:19:234:30":34,"s:234:30:234:Infinity":142,"s:236:28:238:56":143,"b:240:4:242:Infinity:undefined:undefined:undefined:undefined":35,"s:240:4:242:Infinity":144,"b:240:8:240:17:240:17:240:35":36,"s:241:6:241:Infinity":145,"s:242:6:242:Infinity":146,"s:245:4:245:Infinity":147,"s:248:26:290:Infinity":148,"f:248:26:248:38":24,"b:249:4:252:Infinity:undefined:undefined:undefined:undefined":37,"s:249:4:252:Infinity":149,"b:249:8:249:19:249:19:249:34":38,"s:250:6:250:Infinity":150,"s:251:6:251:Infinity":151,"f:251:6:251:23":25,"s:251:23:251:43":152,"s:252:6:252:Infinity":153,"s:255:4:255:Infinity":154,"s:258:58:262:15":155,"b:265:4:280:Infinity:268:15:280:Infinity":39,"s:265:4:280:Infinity":156,"b:265:8:265:23:265:23:265:56":40,"s:267:6:267:Infinity":157,"b:268:15:280:Infinity:275:11:280:Infinity":41,"s:268:15:280:Infinity":158,"s:270:37:273:30":159,"s:274:6:274:Infinity":160,"s:277:37:279:55":161,"s:280:6:280:Infinity":162,"b:283:4:286:Infinity:undefined:undefined:undefined:undefined":42,"s:283:4:286:Infinity":163,"s:284:6:284:Infinity":164,"s:285:6:285:Infinity":165,"f:285:6:285:23":26,"s:285:23:285:43":166,"s:286:6:286:Infinity":167,"s:289:4:289:Infinity":168,"s:290:4:290:Infinity":169,"f:290:4:290:21":27,"s:290:21:290:41":170,"s:293:2:455:Infinity":171,"b:300:27:300:Infinity:300:79:300:Infinity":43,"b:317:14:319:15:319:14:319:Infinity":44,"f:325:12:325:27":28,"b:326:14:326:Infinity:undefined:undefined:undefined:undefined":45,"s:326:14:326:Infinity":172,"s:326:40:326:Infinity":173,"s:327:14:327:Infinity":174,"f:354:12:354:23":29,"s:354:33:354:63":175,"b:372:26:372:Infinity:372:84:372:Infinity":46,"f:379:14:379:29":30,"b:380:16:380:Infinity:undefined:undefined:undefined:undefined":47,"s:380:16:380:Infinity":176,"s:380:42:380:Infinity":177,"s:381:16:381:Infinity":178,"f:391:14:391:29":31,"b:392:16:392:Infinity:undefined:undefined:undefined:undefined":48,"s:392:16:392:Infinity":179,"s:392:42:392:Infinity":180,"s:393:16:393:Infinity":181,"b:403:12:407:27:407:14:434:Infinity":49,"f:407:27:407:32":32,"s:408:12:434:Infinity":182,"f:411:16:411:31":33,"s:411:31:411:53":183,"f:429:16:429:31":34,"s:429:31:429:61":184}}}
,"E:\\UNI\\Year 3\\Learnership-Application\\frontend\\src\\pages\\Dashboard.jsx": {"path":"E:\\UNI\\Year 3\\Learnership-Application\\frontend\\src\\pages\\Dashboard.jsx","statementMap":{"0":{"start":{"line":9,"column":19},"end":{"line":13,"column":null}},"1":{"start":{"line":15,"column":26},"end":{"line":31,"column":null}},"2":{"start":{"line":33,"column":23},"end":{"line":33,"column":null}},"3":{"start":{"line":37,"column":2},"end":{"line":94,"column":null}},"4":{"start":{"line":58,"column":10},"end":{"line":61,"column":null}},"5":{"start":{"line":66,"column":67},"end":{"line":66,"column":89}},"6":{"start":{"line":72,"column":14},"end":{"line":72,"column":null}},"7":{"start":{"line":84,"column":14},"end":{"line":88,"column":null}}},"fnMap":{"0":{"name":"Dashboard","decl":{"start":{"line":36,"column":24},"end":{"line":36,"column":34}},"loc":{"start":{"line":36,"column":48},"end":{"line":94,"column":null}},"line":36},"1":{"name":"(anonymous_1)","decl":{"start":{"line":57,"column":20},"end":{"line":57,"column":25}},"loc":{"start":{"line":58,"column":10},"end":{"line":61,"column":null}},"line":58},"2":{"name":"(anonymous_2)","decl":{"start":{"line":66,"column":46},"end":{"line":66,"column":57}},"loc":{"start":{"line":66,"column":67},"end":{"line":66,"column":89}},"line":66},"3":{"name":"(anonymous_3)","decl":{"start":{"line":71,"column":28},"end":{"line":71,"column":33}},"loc":{"start":{"line":72,"column":14},"end":{"line":72,"column":null}},"line":72},"4":{"name":"(anonymous_4)","decl":{"start":{"line":83,"column":31},"end":{"line":83,"column":36}},"loc":{"start":{"line":84,"column":14},"end":{"line":88,"column":null}},"line":84}},"branchMap":{},"s":{"0":1,"1":1,"2":1,"3":5,"4":15,"5":0,"6":20,"7":15},"f":{"0":5,"1":15,"2":0,"3":20,"4":15},"b":{},"meta":{"lastBranch":0,"lastFunction":5,"lastStatement":8,"seen":{"s:9:19:13:Infinity":0,"s:15:26:31:Infinity":1,"s:33:23:33:Infinity":2,"f:36:24:36:34":0,"s:37:2:94:Infinity":3,"f:57:20:57:25":1,"s:58:10:61:Infinity":4,"f:66:46:66:57":2,"s:66:67:66:89":5,"f:71:28:71:33":3,"s:72:14:72:Infinity":6,"f:83:31:83:36":4,"s:84:14:88:Infinity":7}}}
,"E:\\UNI\\Year 3\\Learnership-Application\\frontend\\src\\pages\\UserPages.css": {"path":"E:\\UNI\\Year 3\\Learnership-Application\\frontend\\src\\pages\\UserPages.css","statementMap":{},"fnMap":{},"branchMap":{},"s":{},"f":{},"b":{},"meta":{"lastBranch":0,"lastFunction":0,"lastStatement":0,"seen":{}}}
}
