{"/Users/joshsawyer/Desktop/UNI/SECOND-YEAR/SOFTWARE-DESIGN/LAB5/2341092-lab5/Learnership-Application/frontend/src/App.css": {"path":"/Users/joshsawyer/Desktop/UNI/SECOND-YEAR/SOFTWARE-DESIGN/LAB5/2341092-lab5/Learnership-Application/frontend/src/App.css","statementMap":{},"fnMap":{},"branchMap":{},"s":{},"f":{},"b":{},"meta":{"lastBranch":0,"lastFunction":0,"lastStatement":0,"seen":{}}}
,"/Users/joshsawyer/Desktop/UNI/SECOND-YEAR/SOFTWARE-DESIGN/LAB5/2341092-lab5/Learnership-Application/frontend/src/App.jsx": {"path":"/Users/joshsawyer/Desktop/UNI/SECOND-YEAR/SOFTWARE-DESIGN/LAB5/2341092-lab5/Learnership-Application/frontend/src/App.jsx","statementMap":{"0":{"start":{"line":9,"column":24},"end":{"line":13,"column":null}},"1":{"start":{"line":16,"column":2},"end":{"line":89,"column":null}},"2":{"start":{"line":69,"column":16},"end":{"line":75,"column":null}},"3":{"start":{"line":98,"column":8},"end":{"line":98,"column":32}},"4":{"start":{"line":100,"column":2},"end":{"line":104,"column":null}},"5":{"start":{"line":101,"column":4},"end":{"line":104,"column":null}},"6":{"start":{"line":108,"column":2},"end":{"line":109,"column":null}},"7":{"start":{"line":109,"column":4},"end":{"line":109,"column":null}},"8":{"start":{"line":112,"column":2},"end":{"line":113,"column":null}},"9":{"start":{"line":113,"column":4},"end":{"line":113,"column":null}},"10":{"start":{"line":116,"column":2},"end":{"line":116,"column":null}},"11":{"start":{"line":120,"column":2},"end":{"line":120,"column":null}},"12":{"start":{"line":120,"column":24},"end":{"line":120,"column":null}},"13":{"start":{"line":121,"column":2},"end":{"line":121,"column":null}},"14":{"start":{"line":121,"column":27},"end":{"line":121,"column":null}},"15":{"start":{"line":122,"column":2},"end":{"line":122,"column":null}},"16":{"start":{"line":126,"column":15},"end":{"line":126,"column":40}},"17":{"start":{"line":127,"column":19},"end":{"line":127,"column":49}},"18":{"start":{"line":128,"column":24},"end":{"line":128,"column":58}},"19":{"start":{"line":129,"column":20},"end":{"line":129,"column":48}},"20":{"start":{"line":130,"column":23},"end":{"line":130,"column":54}},"21":{"start":{"line":131,"column":23},"end":{"line":131,"column":57}},"22":{"start":{"line":133,"column":18},"end":{"line":133,"column":56}},"23":{"start":{"line":134,"column":21},"end":{"line":134,"column":53}},"24":{"start":{"line":135,"column":8},"end":{"line":135,"column":32}},"25":{"start":{"line":136,"column":8},"end":{"line":136,"column":32}},"26":{"start":{"line":138,"column":8},"end":{"line":150,"column":8}},"27":{"start":{"line":139,"column":52},"end":{"line":143,"column":20}},"28":{"start":{"line":145,"column":4},"end":{"line":146,"column":null}},"29":{"start":{"line":146,"column":6},"end":{"line":146,"column":null}},"30":{"start":{"line":149,"column":4},"end":{"line":149,"column":null}},"31":{"start":{"line":152,"column":2},"end":{"line":263,"column":null}},"32":{"start":{"line":153,"column":20},"end":{"line":153,"column":null}},"33":{"start":{"line":155,"column":27},"end":{"line":207,"column":null}},"34":{"start":{"line":156,"column":6},"end":{"line":156,"column":null}},"35":{"start":{"line":158,"column":6},"end":{"line":165,"column":null}},"36":{"start":{"line":159,"column":8},"end":{"line":163,"column":null}},"37":{"start":{"line":160,"column":10},"end":{"line":160,"column":null}},"38":{"start":{"line":161,"column":10},"end":{"line":161,"column":null}},"39":{"start":{"line":162,"column":10},"end":{"line":162,"column":null}},"40":{"start":{"line":163,"column":10},"end":{"line":163,"column":null}},"41":{"start":{"line":165,"column":8},"end":{"line":165,"column":null}},"42":{"start":{"line":168,"column":30},"end":{"line":168,"column":62}},"43":{"start":{"line":170,"column":6},"end":{"line":177,"column":null}},"44":{"start":{"line":171,"column":8},"end":{"line":175,"column":null}},"45":{"start":{"line":172,"column":10},"end":{"line":172,"column":null}},"46":{"start":{"line":173,"column":10},"end":{"line":173,"column":null}},"47":{"start":{"line":174,"column":10},"end":{"line":174,"column":null}},"48":{"start":{"line":175,"column":10},"end":{"line":175,"column":null}},"49":{"start":{"line":177,"column":8},"end":{"line":177,"column":null}},"50":{"start":{"line":180,"column":30},"end":{"line":180,"column":null}},"51":{"start":{"line":182,"column":6},"end":{"line":188,"column":null}},"52":{"start":{"line":183,"column":8},"end":{"line":186,"column":null}},"53":{"start":{"line":184,"column":10},"end":{"line":184,"column":null}},"54":{"start":{"line":185,"column":10},"end":{"line":185,"column":null}},"55":{"start":{"line":186,"column":10},"end":{"line":186,"column":null}},"56":{"start":{"line":188,"column":8},"end":{"line":188,"column":null}},"57":{"start":{"line":191,"column":6},"end":{"line":207,"column":null}},"58":{"start":{"line":192,"column":29},"end":{"line":192,"column":78}},"59":{"start":{"line":193,"column":8},"end":{"line":197,"column":null}},"60":{"start":{"line":194,"column":10},"end":{"line":194,"column":null}},"61":{"start":{"line":195,"column":10},"end":{"line":195,"column":null}},"62":{"start":{"line":196,"column":10},"end":{"line":196,"column":null}},"63":{"start":{"line":197,"column":10},"end":{"line":197,"column":null}},"64":{"start":{"line":200,"column":8},"end":{"line":203,"column":null}},"65":{"start":{"line":201,"column":10},"end":{"line":201,"column":null}},"66":{"start":{"line":202,"column":10},"end":{"line":202,"column":null}},"67":{"start":{"line":203,"column":10},"end":{"line":203,"column":null}},"68":{"start":{"line":206,"column":8},"end":{"line":207,"column":null}},"69":{"start":{"line":207,"column":10},"end":{"line":207,"column":null}},"70":{"start":{"line":212,"column":4},"end":{"line":212,"column":null}},"71":{"start":{"line":214,"column":4},"end":{"line":216,"column":null}},"72":{"start":{"line":215,"column":6},"end":{"line":216,"column":null}},"73":{"start":{"line":216,"column":8},"end":{"line":216,"column":null}},"74":{"start":{"line":222,"column":8},"end":{"line":257,"column":null}},"75":{"start":{"line":223,"column":6},"end":{"line":224,"column":null}},"76":{"start":{"line":224,"column":8},"end":{"line":224,"column":null}},"77":{"start":{"line":227,"column":6},"end":{"line":233,"column":null}},"78":{"start":{"line":228,"column":8},"end":{"line":228,"column":null}},"79":{"start":{"line":229,"column":8},"end":{"line":229,"column":null}},"80":{"start":{"line":230,"column":8},"end":{"line":230,"column":null}},"81":{"start":{"line":231,"column":8},"end":{"line":231,"column":null}},"82":{"start":{"line":232,"column":8},"end":{"line":232,"column":null}},"83":{"start":{"line":233,"column":8},"end":{"line":233,"column":null}},"84":{"start":{"line":236,"column":6},"end":{"line":254,"column":null}},"85":{"start":{"line":237,"column":29},"end":{"line":237,"column":70}},"86":{"start":{"line":238,"column":8},"end":{"line":239,"column":null}},"87":{"start":{"line":239,"column":10},"end":{"line":239,"column":null}},"88":{"start":{"line":241,"column":8},"end":{"line":241,"column":null}},"89":{"start":{"line":242,"column":8},"end":{"line":242,"column":null}},"90":{"start":{"line":243,"column":8},"end":{"line":243,"column":null}},"91":{"start":{"line":244,"column":8},"end":{"line":244,"column":null}},"92":{"start":{"line":246,"column":8},"end":{"line":247,"column":null}},"93":{"start":{"line":247,"column":10},"end":{"line":247,"column":null}},"94":{"start":{"line":249,"column":8},"end":{"line":249,"column":null}},"95":{"start":{"line":250,"column":8},"end":{"line":250,"column":null}},"96":{"start":{"line":251,"column":8},"end":{"line":251,"column":null}},"97":{"start":{"line":253,"column":8},"end":{"line":254,"column":null}},"98":{"start":{"line":254,"column":10},"end":{"line":254,"column":null}},"99":{"start":{"line":259,"column":4},"end":{"line":261,"column":null}},"100":{"start":{"line":260,"column":6},"end":{"line":260,"column":null}},"101":{"start":{"line":261,"column":6},"end":{"line":261,"column":null}},"102":{"start":{"line":265,"column":2},"end":{"line":271,"column":null}},"103":{"start":{"line":266,"column":41},"end":{"line":266,"column":70}},"104":{"start":{"line":268,"column":4},"end":{"line":269,"column":null}},"105":{"start":{"line":269,"column":6},"end":{"line":269,"column":null}},"106":{"start":{"line":273,"column":23},"end":{"line":281,"column":null}},"107":{"start":{"line":274,"column":4},"end":{"line":275,"column":null}},"108":{"start":{"line":275,"column":6},"end":{"line":275,"column":null}},"109":{"start":{"line":277,"column":4},"end":{"line":277,"column":null}},"110":{"start":{"line":278,"column":4},"end":{"line":278,"column":null}},"111":{"start":{"line":279,"column":4},"end":{"line":279,"column":null}},"112":{"start":{"line":280,"column":4},"end":{"line":280,"column":null}},"113":{"start":{"line":281,"column":4},"end":{"line":281,"column":null}},"114":{"start":{"line":284,"column":30},"end":{"line":308,"column":null}},"115":{"start":{"line":285,"column":4},"end":{"line":286,"column":null}},"116":{"start":{"line":286,"column":6},"end":{"line":286,"column":null}},"117":{"start":{"line":289,"column":4},"end":{"line":289,"column":null}},"118":{"start":{"line":290,"column":4},"end":{"line":290,"column":null}},"119":{"start":{"line":292,"column":42},"end":{"line":296,"column":15}},"120":{"start":{"line":298,"column":4},"end":{"line":301,"column":null}},"121":{"start":{"line":299,"column":6},"end":{"line":299,"column":null}},"122":{"start":{"line":300,"column":6},"end":{"line":300,"column":null}},"123":{"start":{"line":301,"column":6},"end":{"line":301,"column":null}},"124":{"start":{"line":304,"column":25},"end":{"line":304,"column":null}},"125":{"start":{"line":305,"column":4},"end":{"line":305,"column":null}},"126":{"start":{"line":306,"column":4},"end":{"line":306,"column":null}},"127":{"start":{"line":307,"column":4},"end":{"line":307,"column":null}},"128":{"start":{"line":308,"column":4},"end":{"line":308,"column":null}},"129":{"start":{"line":311,"column":8},"end":{"line":333,"column":8}},"130":{"start":{"line":312,"column":19},"end":{"line":312,"column":21}},"131":{"start":{"line":313,"column":20},"end":{"line":313,"column":null}},"132":{"start":{"line":314,"column":17},"end":{"line":314,"column":null}},"133":{"start":{"line":316,"column":4},"end":{"line":328,"column":null}},"134":{"start":{"line":316,"column":19},"end":{"line":316,"column":22}},"135":{"start":{"line":317,"column":6},"end":{"line":328,"column":null}},"136":{"start":{"line":317,"column":21},"end":{"line":317,"column":24}},"137":{"start":{"line":318,"column":22},"end":{"line":318,"column":null}},"138":{"start":{"line":319,"column":14},"end":{"line":319,"column":null}},"139":{"start":{"line":320,"column":14},"end":{"line":320,"column":null}},"140":{"start":{"line":321,"column":18},"end":{"line":321,"column":46}},"141":{"start":{"line":322,"column":14},"end":{"line":322,"column":null}},"142":{"start":{"line":323,"column":14},"end":{"line":323,"column":null}},"143":{"start":{"line":324,"column":14},"end":{"line":324,"column":null}},"144":{"start":{"line":325,"column":14},"end":{"line":325,"column":null}},"145":{"start":{"line":326,"column":22},"end":{"line":326,"column":null}},"146":{"start":{"line":327,"column":25},"end":{"line":327,"column":null}},"147":{"start":{"line":328,"column":8},"end":{"line":328,"column":null}},"148":{"start":{"line":332,"column":4},"end":{"line":332,"column":null}},"149":{"start":{"line":335,"column":8},"end":{"line":339,"column":null}},"150":{"start":{"line":336,"column":17},"end":{"line":336,"column":60}},"151":{"start":{"line":337,"column":10},"end":{"line":337,"column":null}},"152":{"start":{"line":338,"column":10},"end":{"line":338,"column":null}},"153":{"start":{"line":339,"column":4},"end":{"line":339,"column":null}},"154":{"start":{"line":342,"column":8},"end":{"line":342,"column":58}},"155":{"start":{"line":342,"column":32},"end":{"line":342,"column":58}},"156":{"start":{"line":344,"column":31},"end":{"line":363,"column":null}},"157":{"start":{"line":345,"column":4},"end":{"line":345,"column":null}},"158":{"start":{"line":347,"column":4},"end":{"line":349,"column":null}},"159":{"start":{"line":348,"column":6},"end":{"line":348,"column":null}},"160":{"start":{"line":349,"column":6},"end":{"line":349,"column":null}},"161":{"start":{"line":352,"column":4},"end":{"line":352,"column":null}},"162":{"start":{"line":354,"column":22},"end":{"line":359,"column":6}},"163":{"start":{"line":361,"column":4},"end":{"line":363,"column":null}},"164":{"start":{"line":362,"column":6},"end":{"line":362,"column":null}},"165":{"start":{"line":363,"column":6},"end":{"line":363,"column":null}},"166":{"start":{"line":367,"column":2},"end":{"line":397,"column":null}},"167":{"start":{"line":368,"column":4},"end":{"line":369,"column":null}},"168":{"start":{"line":369,"column":6},"end":{"line":369,"column":null}},"169":{"start":{"line":372,"column":18},"end":{"line":372,"column":62}},"170":{"start":{"line":374,"column":4},"end":{"line":375,"column":null}},"171":{"start":{"line":375,"column":6},"end":{"line":375,"column":null}},"172":{"start":{"line":378,"column":21},"end":{"line":388,"column":null}},"173":{"start":{"line":380,"column":8},"end":{"line":386,"column":null}},"174":{"start":{"line":381,"column":10},"end":{"line":384,"column":null}},"175":{"start":{"line":382,"column":12},"end":{"line":382,"column":null}},"176":{"start":{"line":384,"column":12},"end":{"line":384,"column":null}},"177":{"start":{"line":391,"column":4},"end":{"line":391,"column":null}},"178":{"start":{"line":391,"column":28},"end":{"line":391,"column":50}},"179":{"start":{"line":393,"column":4},"end":{"line":395,"column":null}},"180":{"start":{"line":394,"column":6},"end":{"line":394,"column":null}},"181":{"start":{"line":394,"column":30},"end":{"line":394,"column":54}},"182":{"start":{"line":395,"column":6},"end":{"line":395,"column":null}},"183":{"start":{"line":399,"column":2},"end":{"line":404,"column":null}},"184":{"start":{"line":400,"column":10},"end":{"line":400,"column":62}},"185":{"start":{"line":400,"column":27},"end":{"line":400,"column":62}},"186":{"start":{"line":401,"column":4},"end":{"line":401,"column":null}},"187":{"start":{"line":402,"column":4},"end":{"line":402,"column":null}},"188":{"start":{"line":403,"column":4},"end":{"line":403,"column":null}},"189":{"start":{"line":403,"column":17},"end":{"line":403,"column":63}},"190":{"start":{"line":406,"column":0},"end":{"line":601,"column":null}},"191":{"start":{"line":453,"column":18},"end":{"line":461,"column":null}},"192":{"start":{"line":494,"column":41},"end":{"line":494,"column":73}},"193":{"start":{"line":497,"column":41},"end":{"line":497,"column":72}}},"fnMap":{"0":{"name":"AdminDashboardShell","decl":{"start":{"line":15,"column":9},"end":{"line":15,"column":29}},"loc":{"start":{"line":15,"column":43},"end":{"line":89,"column":null}},"line":15},"1":{"name":"(anonymous_1)","decl":{"start":{"line":68,"column":31},"end":{"line":68,"column":36}},"loc":{"start":{"line":69,"column":16},"end":{"line":75,"column":null}},"line":69},"2":{"name":"ProtectedRoute","decl":{"start":{"line":97,"column":9},"end":{"line":97,"column":24}},"loc":{"start":{"line":97,"column":78},"end":{"line":116,"column":null}},"line":97},"3":{"name":"getLandingRoute","decl":{"start":{"line":119,"column":9},"end":{"line":119,"column":25}},"loc":{"start":{"line":119,"column":31},"end":{"line":122,"column":null}},"line":119},"4":{"name":"App","decl":{"start":{"line":125,"column":9},"end":{"line":125,"column":15}},"loc":{"start":{"line":125,"column":15},"end":{"line":601,"column":null}},"line":125},"5":{"name":"(anonymous_5)","decl":{"start":{"line":138,"column":38},"end":{"line":138,"column":45}},"loc":{"start":{"line":138,"column":55},"end":{"line":150,"column":7}},"line":138},"6":{"name":"(anonymous_6)","decl":{"start":{"line":152,"column":2},"end":{"line":152,"column":18}},"loc":{"start":{"line":152,"column":18},"end":{"line":263,"column":6}},"line":152},"7":{"name":"(anonymous_7)","decl":{"start":{"line":155,"column":27},"end":{"line":155,"column":39}},"loc":{"start":{"line":155,"column":39},"end":{"line":207,"column":null}},"line":155},"8":{"name":"(anonymous_8)","decl":{"start":{"line":215,"column":6},"end":{"line":215,"column":19}},"loc":{"start":{"line":215,"column":19},"end":{"line":216,"column":null}},"line":215},"9":{"name":"(anonymous_9)","decl":{"start":{"line":222,"column":40},"end":{"line":222,"column":47}},"loc":{"start":{"line":222,"column":66},"end":{"line":257,"column":null}},"line":222},"10":{"name":"(anonymous_10)","decl":{"start":{"line":259,"column":4},"end":{"line":259,"column":17}},"loc":{"start":{"line":259,"column":17},"end":{"line":261,"column":null}},"line":259},"11":{"name":"(anonymous_11)","decl":{"start":{"line":265,"column":2},"end":{"line":265,"column":18}},"loc":{"start":{"line":265,"column":18},"end":{"line":271,"column":6}},"line":265},"12":{"name":"(anonymous_12)","decl":{"start":{"line":273,"column":23},"end":{"line":273,"column":35}},"loc":{"start":{"line":273,"column":35},"end":{"line":281,"column":null}},"line":273},"13":{"name":"(anonymous_13)","decl":{"start":{"line":284,"column":30},"end":{"line":284,"column":37}},"loc":{"start":{"line":284,"column":54},"end":{"line":308,"column":null}},"line":284},"14":{"name":"(anonymous_14)","decl":{"start":{"line":311,"column":15},"end":{"line":311,"column":29}},"loc":{"start":{"line":311,"column":29},"end":{"line":333,"column":7}},"line":311},"15":{"name":"(anonymous_15)","decl":{"start":{"line":335,"column":8},"end":{"line":335,"column":28}},"loc":{"start":{"line":335,"column":38},"end":{"line":339,"column":null}},"line":335},"16":{"name":"(anonymous_16)","decl":{"start":{"line":342,"column":8},"end":{"line":342,"column":32}},"loc":{"start":{"line":342,"column":32},"end":{"line":342,"column":58}},"line":342},"17":{"name":"(anonymous_17)","decl":{"start":{"line":344,"column":31},"end":{"line":344,"column":43}},"loc":{"start":{"line":344,"column":43},"end":{"line":363,"column":null}},"line":344},"18":{"name":"(anonymous_18)","decl":{"start":{"line":367,"column":2},"end":{"line":367,"column":18}},"loc":{"start":{"line":367,"column":18},"end":{"line":397,"column":6}},"line":367},"19":{"name":"(anonymous_19)","decl":{"start":{"line":378,"column":25},"end":{"line":378,"column":null}},"loc":{"start":{"line":379,"column":19},"end":{"line":388,"column":8}},"line":379},"20":{"name":"(anonymous_20)","decl":{"start":{"line":380,"column":16},"end":{"line":380,"column":25}},"loc":{"start":{"line":380,"column":35},"end":{"line":386,"column":null}},"line":380},"21":{"name":"(anonymous_21)","decl":{"start":{"line":391,"column":10},"end":{"line":391,"column":19}},"loc":{"start":{"line":391,"column":28},"end":{"line":391,"column":50}},"line":391},"22":{"name":"(anonymous_22)","decl":{"start":{"line":393,"column":4},"end":{"line":393,"column":17}},"loc":{"start":{"line":393,"column":17},"end":{"line":395,"column":null}},"line":393},"23":{"name":"(anonymous_23)","decl":{"start":{"line":394,"column":12},"end":{"line":394,"column":21}},"loc":{"start":{"line":394,"column":30},"end":{"line":394,"column":54}},"line":394},"24":{"name":"(anonymous_24)","decl":{"start":{"line":399,"column":2},"end":{"line":399,"column":18}},"loc":{"start":{"line":399,"column":18},"end":{"line":404,"column":7}},"line":399},"25":{"name":"(anonymous_25)","decl":{"start":{"line":400,"column":10},"end":{"line":400,"column":27}},"loc":{"start":{"line":400,"column":27},"end":{"line":400,"column":62}},"line":400},"26":{"name":"(anonymous_26)","decl":{"start":{"line":403,"column":4},"end":{"line":403,"column":17}},"loc":{"start":{"line":403,"column":17},"end":{"line":403,"column":63}},"line":403},"27":{"name":"(anonymous_27)","decl":{"start":{"line":452,"column":22},"end":{"line":452,"column":27}},"loc":{"start":{"line":453,"column":18},"end":{"line":461,"column":null}},"line":453},"28":{"name":"(anonymous_28)","decl":{"start":{"line":494,"column":26},"end":{"line":494,"column":41}},"loc":{"start":{"line":494,"column":41},"end":{"line":494,"column":73}},"line":494},"29":{"name":"(anonymous_29)","decl":{"start":{"line":497,"column":26},"end":{"line":497,"column":41}},"loc":{"start":{"line":497,"column":41},"end":{"line":497,"column":72}},"line":497}},"branchMap":{"0":{"loc":{"start":{"line":100,"column":2},"end":{"line":104,"column":null}},"type":"if","locations":[{"start":{"line":100,"column":2},"end":{"line":104,"column":null}},{"start":{},"end":{}}],"line":100},"1":{"loc":{"start":{"line":108,"column":2},"end":{"line":109,"column":null}},"type":"if","locations":[{"start":{"line":108,"column":2},"end":{"line":109,"column":null}},{"start":{},"end":{}}],"line":108},"2":{"loc":{"start":{"line":112,"column":2},"end":{"line":113,"column":null}},"type":"if","locations":[{"start":{"line":112,"column":2},"end":{"line":113,"column":null}},{"start":{},"end":{}}],"line":112},"3":{"loc":{"start":{"line":120,"column":2},"end":{"line":120,"column":null}},"type":"if","locations":[{"start":{"line":120,"column":2},"end":{"line":120,"column":null}},{"start":{},"end":{}}],"line":120},"4":{"loc":{"start":{"line":121,"column":2},"end":{"line":121,"column":null}},"type":"if","locations":[{"start":{"line":121,"column":2},"end":{"line":121,"column":null}},{"start":{},"end":{}}],"line":121},"5":{"loc":{"start":{"line":145,"column":4},"end":{"line":146,"column":null}},"type":"if","locations":[{"start":{"line":145,"column":4},"end":{"line":146,"column":null}},{"start":{},"end":{}}],"line":145},"6":{"loc":{"start":{"line":149,"column":11},"end":{"line":149,"column":null}},"type":"binary-expr","locations":[{"start":{"line":149,"column":11},"end":{"line":149,"column":31}},{"start":{"line":149,"column":31},"end":{"line":149,"column":null}}],"line":149},"7":{"loc":{"start":{"line":158,"column":6},"end":{"line":165,"column":null}},"type":"if","locations":[{"start":{"line":158,"column":6},"end":{"line":165,"column":null}},{"start":{},"end":{}}],"line":158},"8":{"loc":{"start":{"line":159,"column":8},"end":{"line":163,"column":null}},"type":"if","locations":[{"start":{"line":159,"column":8},"end":{"line":163,"column":null}},{"start":{},"end":{}}],"line":159},"9":{"loc":{"start":{"line":170,"column":6},"end":{"line":177,"column":null}},"type":"if","locations":[{"start":{"line":170,"column":6},"end":{"line":177,"column":null}},{"start":{},"end":{}}],"line":170},"10":{"loc":{"start":{"line":171,"column":8},"end":{"line":175,"column":null}},"type":"if","locations":[{"start":{"line":171,"column":8},"end":{"line":175,"column":null}},{"start":{},"end":{}}],"line":171},"11":{"loc":{"start":{"line":182,"column":6},"end":{"line":188,"column":null}},"type":"if","locations":[{"start":{"line":182,"column":6},"end":{"line":188,"column":null}},{"start":{},"end":{}}],"line":182},"12":{"loc":{"start":{"line":183,"column":8},"end":{"line":186,"column":null}},"type":"if","locations":[{"start":{"line":183,"column":8},"end":{"line":186,"column":null}},{"start":{},"end":{}}],"line":183},"13":{"loc":{"start":{"line":193,"column":8},"end":{"line":197,"column":null}},"type":"if","locations":[{"start":{"line":193,"column":8},"end":{"line":197,"column":null}},{"start":{},"end":{}}],"line":193},"14":{"loc":{"start":{"line":196,"column":26},"end":{"line":196,"column":73}},"type":"cond-expr","locations":[{"start":{"line":196,"column":41},"end":{"line":196,"column":46}},{"start":{"line":196,"column":46},"end":{"line":196,"column":73}}],"line":196},"15":{"loc":{"start":{"line":200,"column":8},"end":{"line":203,"column":null}},"type":"if","locations":[{"start":{"line":200,"column":8},"end":{"line":203,"column":null}},{"start":{},"end":{}}],"line":200},"16":{"loc":{"start":{"line":206,"column":8},"end":{"line":207,"column":null}},"type":"if","locations":[{"start":{"line":206,"column":8},"end":{"line":207,"column":null}},{"start":{},"end":{}}],"line":206},"17":{"loc":{"start":{"line":214,"column":4},"end":{"line":216,"column":null}},"type":"if","locations":[{"start":{"line":214,"column":4},"end":{"line":216,"column":null}},{"start":{},"end":{}}],"line":214},"18":{"loc":{"start":{"line":223,"column":6},"end":{"line":224,"column":null}},"type":"if","locations":[{"start":{"line":223,"column":6},"end":{"line":224,"column":null}},{"start":{},"end":{}}],"line":223},"19":{"loc":{"start":{"line":227,"column":6},"end":{"line":233,"column":null}},"type":"if","locations":[{"start":{"line":227,"column":6},"end":{"line":233,"column":null}},{"start":{},"end":{}}],"line":227},"20":{"loc":{"start":{"line":227,"column":10},"end":{"line":227,"column":59}},"type":"binary-expr","locations":[{"start":{"line":227,"column":10},"end":{"line":227,"column":36}},{"start":{"line":227,"column":36},"end":{"line":227,"column":59}}],"line":227},"21":{"loc":{"start":{"line":238,"column":8},"end":{"line":239,"column":null}},"type":"if","locations":[{"start":{"line":238,"column":8},"end":{"line":239,"column":null}},{"start":{},"end":{}}],"line":238},"22":{"loc":{"start":{"line":243,"column":24},"end":{"line":243,"column":63}},"type":"cond-expr","locations":[{"start":{"line":243,"column":39},"end":{"line":243,"column":44}},{"start":{"line":243,"column":44},"end":{"line":243,"column":63}}],"line":243},"23":{"loc":{"start":{"line":246,"column":8},"end":{"line":247,"column":null}},"type":"if","locations":[{"start":{"line":246,"column":8},"end":{"line":247,"column":null}},{"start":{},"end":{}}],"line":246},"24":{"loc":{"start":{"line":253,"column":8},"end":{"line":254,"column":null}},"type":"if","locations":[{"start":{"line":253,"column":8},"end":{"line":254,"column":null}},{"start":{},"end":{}}],"line":253},"25":{"loc":{"start":{"line":268,"column":4},"end":{"line":269,"column":null}},"type":"if","locations":[{"start":{"line":268,"column":4},"end":{"line":269,"column":null}},{"start":{},"end":{}}],"line":268},"26":{"loc":{"start":{"line":268,"column":8},"end":{"line":268,"column":106}},"type":"binary-expr","locations":[{"start":{"line":268,"column":8},"end":{"line":268,"column":26}},{"start":{"line":268,"column":26},"end":{"line":268,"column":38}},{"start":{"line":268,"column":38},"end":{"line":268,"column":46}},{"start":{"line":268,"column":46},"end":{"line":268,"column":75}},{"start":{"line":268,"column":75},"end":{"line":268,"column":106}}],"line":268},"27":{"loc":{"start":{"line":274,"column":4},"end":{"line":275,"column":null}},"type":"if","locations":[{"start":{"line":274,"column":4},"end":{"line":275,"column":null}},{"start":{},"end":{}}],"line":274},"28":{"loc":{"start":{"line":285,"column":4},"end":{"line":286,"column":null}},"type":"if","locations":[{"start":{"line":285,"column":4},"end":{"line":286,"column":null}},{"start":{},"end":{}}],"line":285},"29":{"loc":{"start":{"line":298,"column":4},"end":{"line":301,"column":null}},"type":"if","locations":[{"start":{"line":298,"column":4},"end":{"line":301,"column":null}},{"start":{},"end":{}}],"line":298},"30":{"loc":{"start":{"line":304,"column":25},"end":{"line":304,"column":null}},"type":"binary-expr","locations":[{"start":{"line":304,"column":25},"end":{"line":304,"column":47}},{"start":{"line":304,"column":47},"end":{"line":304,"column":null}}],"line":304},"31":{"loc":{"start":{"line":347,"column":4},"end":{"line":349,"column":null}},"type":"if","locations":[{"start":{"line":347,"column":4},"end":{"line":349,"column":null}},{"start":{},"end":{}}],"line":347},"32":{"loc":{"start":{"line":361,"column":4},"end":{"line":363,"column":null}},"type":"if","locations":[{"start":{"line":361,"column":4},"end":{"line":363,"column":null}},{"start":{},"end":{}}],"line":361},"33":{"loc":{"start":{"line":368,"column":4},"end":{"line":369,"column":null}},"type":"if","locations":[{"start":{"line":368,"column":4},"end":{"line":369,"column":null}},{"start":{},"end":{}}],"line":368},"34":{"loc":{"start":{"line":374,"column":4},"end":{"line":375,"column":null}},"type":"if","locations":[{"start":{"line":374,"column":4},"end":{"line":375,"column":null}},{"start":{},"end":{}}],"line":374},"35":{"loc":{"start":{"line":381,"column":10},"end":{"line":384,"column":null}},"type":"if","locations":[{"start":{"line":381,"column":10},"end":{"line":384,"column":null}},{"start":{"line":383,"column":17},"end":{"line":384,"column":null}}],"line":381},"36":{"loc":{"start":{"line":411,"column":44},"end":{"line":411,"column":null}},"type":"cond-expr","locations":[{"start":{"line":411,"column":57},"end":{"line":411,"column":73}},{"start":{"line":411,"column":73},"end":{"line":411,"column":null}}],"line":411},"37":{"loc":{"start":{"line":424,"column":13},"end":{"line":424,"column":null}},"type":"cond-expr","locations":[{"start":{"line":424,"column":32},"end":{"line":424,"column":null}},{"start":{"line":424,"column":79},"end":{"line":424,"column":null}}],"line":424},"38":{"loc":{"start":{"line":424,"column":13},"end":{"line":424,"column":32}},"type":"binary-expr","locations":[{"start":{"line":424,"column":13},"end":{"line":424,"column":25}},{"start":{"line":424,"column":25},"end":{"line":424,"column":32}}],"line":424},"39":{"loc":{"start":{"line":425,"column":53},"end":{"line":425,"column":null}},"type":"cond-expr","locations":[{"start":{"line":425,"column":64},"end":{"line":425,"column":79}},{"start":{"line":425,"column":79},"end":{"line":425,"column":null}}],"line":425},"40":{"loc":{"start":{"line":426,"column":15},"end":{"line":426,"column":null}},"type":"cond-expr","locations":[{"start":{"line":426,"column":31},"end":{"line":426,"column":53}},{"start":{"line":426,"column":53},"end":{"line":426,"column":null}}],"line":426},"41":{"loc":{"start":{"line":426,"column":53},"end":{"line":426,"column":null}},"type":"cond-expr","locations":[{"start":{"line":426,"column":64},"end":{"line":426,"column":75}},{"start":{"line":426,"column":75},"end":{"line":426,"column":null}}],"line":426},"42":{"loc":{"start":{"line":480,"column":15},"end":{"line":484,"column":null}},"type":"cond-expr","locations":[{"start":{"line":481,"column":18},"end":{"line":481,"column":null}},{"start":{"line":482,"column":18},"end":{"line":484,"column":null}}],"line":480},"43":{"loc":{"start":{"line":480,"column":15},"end":{"line":480,"column":null}},"type":"binary-expr","locations":[{"start":{"line":480,"column":15},"end":{"line":480,"column":27}},{"start":{"line":480,"column":27},"end":{"line":480,"column":null}}],"line":480},"44":{"loc":{"start":{"line":482,"column":18},"end":{"line":484,"column":null}},"type":"cond-expr","locations":[{"start":{"line":483,"column":20},"end":{"line":483,"column":null}},{"start":{"line":484,"column":20},"end":{"line":484,"column":null}}],"line":482},"45":{"loc":{"start":{"line":482,"column":18},"end":{"line":482,"column":null}},"type":"binary-expr","locations":[{"start":{"line":482,"column":18},"end":{"line":482,"column":30}},{"start":{"line":482,"column":30},"end":{"line":482,"column":null}}],"line":482},"46":{"loc":{"start":{"line":487,"column":11},"end":{"line":503,"column":null}},"type":"cond-expr","locations":[{"start":{"line":488,"column":12},"end":{"line":503,"column":null}},{"start":{"line":503,"column":14},"end":{"line":503,"column":null}}],"line":487},"47":{"loc":{"start":{"line":487,"column":11},"end":{"line":487,"column":null}},"type":"binary-expr","locations":[{"start":{"line":487,"column":11},"end":{"line":487,"column":23}},{"start":{"line":487,"column":23},"end":{"line":487,"column":32}},{"start":{"line":487,"column":32},"end":{"line":487,"column":null}}],"line":487},"48":{"loc":{"start":{"line":504,"column":11},"end":{"line":504,"column":null}},"type":"cond-expr","locations":[{"start":{"line":504,"column":23},"end":{"line":504,"column":null}},{"start":{"line":504,"column":67},"end":{"line":504,"column":null}}],"line":504}},"s":{"0":3,"1":0,"2":0,"3":2,"4":2,"5":1,"6":1,"7":1,"8":0,"9":0,"10":0,"11":0,"12":0,"13":0,"14":0,"15":0,"16":10,"17":10,"18":10,"19":10,"20":10,"21":10,"22":10,"23":10,"24":10,"25":10,"26":10,"27":0,"28":0,"29":0,"30":0,"31":10,"32":8,"33":8,"34":8,"35":8,"36":0,"37":0,"38":0,"39":0,"40":0,"41":0,"42":8,"43":8,"44":0,"45":0,"46":0,"47":0,"48":0,"49":0,"50":8,"51":8,"52":8,"53":1,"54":1,"55":1,"56":8,"57":0,"58":0,"59":0,"60":0,"61":0,"62":0,"63":0,"64":0,"65":0,"66":0,"67":0,"68":0,"69":0,"70":8,"71":8,"72":0,"73":0,"74":8,"75":1,"76":0,"77":1,"78":1,"79":1,"80":1,"81":1,"82":1,"83":1,"84":0,"85":0,"86":0,"87":0,"88":0,"89":0,"90":0,"91":1,"92":0,"93":0,"94":0,"95":0,"96":0,"97":0,"98":0,"99":8,"100":8,"101":8,"102":10,"103":10,"104":10,"105":0,"106":10,"107":0,"108":0,"109":0,"110":0,"111":0,"112":0,"113":0,"114":10,"115":0,"116":0,"117":0,"118":0,"119":0,"120":0,"121":0,"122":0,"123":0,"124":0,"125":0,"126":0,"127":0,"128":0,"129":10,"130":8,"131":8,"132":8,"133":8,"134":8,"135":176,"136":176,"137":5984,"138":5984,"139":5984,"140":5984,"141":5984,"142":5984,"143":5984,"144":5984,"145":5984,"146":5984,"147":5984,"148":8,"149":10,"150":0,"151":0,"152":0,"153":0,"154":10,"155":0,"156":10,"157":0,"158":0,"159":0,"160":0,"161":0,"162":0,"163":0,"164":0,"165":0,"166":10,"167":9,"168":1,"169":8,"170":8,"171":0,"172":8,"173":0,"174":0,"175":0,"176":0,"177":8,"178":24,"179":8,"180":8,"181":24,"182":8,"183":10,"184":8,"185":8,"186":8,"187":8,"188":8,"189":8,"190":10,"191":7480,"192":0,"193":0},"f":{"0":0,"1":0,"2":2,"3":0,"4":10,"5":0,"6":8,"7":8,"8":0,"9":1,"10":8,"11":10,"12":0,"13":0,"14":8,"15":0,"16":0,"17":0,"18":9,"19":0,"20":0,"21":24,"22":8,"23":24,"24":8,"25":8,"26":8,"27":7480,"28":0,"29":0},"b":{"0":[1,1],"1":[1,0],"2":[0,0],"3":[0,0],"4":[0,0],"5":[0,0],"6":[0,0],"7":[0,8],"8":[0,0],"9":[0,8],"10":[0,0],"11":[8,0],"12":[1,7],"13":[0,0],"14":[0,0],"15":[0,0],"16":[0,0],"17":[0,8],"18":[0,1],"19":[1,0],"20":[1,1],"21":[0,0],"22":[0,0],"23":[0,0],"24":[0,0],"25":[0,10],"26":[10,2,0,0,0],"27":[0,0],"28":[0,0],"29":[0,0],"30":[0,0],"31":[0,0],"32":[0,0],"33":[1,8],"34":[0,8],"35":[0,0],"36":[0,10],"37":[0,10],"38":[10,0],"39":[0,10],"40":[8,2],"41":[0,2],"42":[0,10],"43":[10,0],"44":[0,10],"45":[10,0],"46":[0,10],"47":[10,0,0],"48":[0,10]},"meta":{"lastBranch":49,"lastFunction":30,"lastStatement":194,"seen":{"s:9:24:13:Infinity":0,"f:15:9:15:29":0,"s:16:2:89:Infinity":1,"f:68:31:68:36":1,"s:69:16:75:Infinity":2,"f:97:9:97:24":2,"s:98:8:98:32":3,"b:100:2:104:Infinity:undefined:undefined:undefined:undefined":0,"s:100:2:104:Infinity":4,"s:101:4:104:Infinity":5,"b:108:2:109:Infinity:undefined:undefined:undefined:undefined":1,"s:108:2:109:Infinity":6,"s:109:4:109:Infinity":7,"b:112:2:113:Infinity:undefined:undefined:undefined:undefined":2,"s:112:2:113:Infinity":8,"s:113:4:113:Infinity":9,"s:116:2:116:Infinity":10,"f:119:9:119:25":3,"b:120:2:120:Infinity:undefined:undefined:undefined:undefined":3,"s:120:2:120:Infinity":11,"s:120:24:120:Infinity":12,"b:121:2:121:Infinity:undefined:undefined:undefined:undefined":4,"s:121:2:121:Infinity":13,"s:121:27:121:Infinity":14,"s:122:2:122:Infinity":15,"f:125:9:125:15":4,"s:126:15:126:40":16,"s:127:19:127:49":17,"s:128:24:128:58":18,"s:129:20:129:48":19,"s:130:23:130:54":20,"s:131:23:131:57":21,"s:133:18:133:56":22,"s:134:21:134:53":23,"s:135:8:135:32":24,"s:136:8:136:32":25,"s:138:8:150:8":26,"f:138:38:138:45":5,"s:139:52:143:20":27,"b:145:4:146:Infinity:undefined:undefined:undefined:undefined":5,"s:145:4:146:Infinity":28,"s:146:6:146:Infinity":29,"s:149:4:149:Infinity":30,"b:149:11:149:31:149:31:149:Infinity":6,"s:152:2:263:Infinity":31,"f:152:2:152:18":6,"s:153:20:153:Infinity":32,"s:155:27:207:Infinity":33,"f:155:27:155:39":7,"s:156:6:156:Infinity":34,"b:158:6:165:Infinity:undefined:undefined:undefined:undefined":7,"s:158:6:165:Infinity":35,"b:159:8:163:Infinity:undefined:undefined:undefined:undefined":8,"s:159:8:163:Infinity":36,"s:160:10:160:Infinity":37,"s:161:10:161:Infinity":38,"s:162:10:162:Infinity":39,"s:163:10:163:Infinity":40,"s:165:8:165:Infinity":41,"s:168:30:168:62":42,"b:170:6:177:Infinity:undefined:undefined:undefined:undefined":9,"s:170:6:177:Infinity":43,"b:171:8:175:Infinity:undefined:undefined:undefined:undefined":10,"s:171:8:175:Infinity":44,"s:172:10:172:Infinity":45,"s:173:10:173:Infinity":46,"s:174:10:174:Infinity":47,"s:175:10:175:Infinity":48,"s:177:8:177:Infinity":49,"s:180:30:180:Infinity":50,"b:182:6:188:Infinity:undefined:undefined:undefined:undefined":11,"s:182:6:188:Infinity":51,"b:183:8:186:Infinity:undefined:undefined:undefined:undefined":12,"s:183:8:186:Infinity":52,"s:184:10:184:Infinity":53,"s:185:10:185:Infinity":54,"s:186:10:186:Infinity":55,"s:188:8:188:Infinity":56,"s:191:6:207:Infinity":57,"s:192:29:192:78":58,"b:193:8:197:Infinity:undefined:undefined:undefined:undefined":13,"s:193:8:197:Infinity":59,"s:194:10:194:Infinity":60,"s:195:10:195:Infinity":61,"s:196:10:196:Infinity":62,"b:196:41:196:46:196:46:196:73":14,"s:197:10:197:Infinity":63,"b:200:8:203:Infinity:undefined:undefined:undefined:undefined":15,"s:200:8:203:Infinity":64,"s:201:10:201:Infinity":65,"s:202:10:202:Infinity":66,"s:203:10:203:Infinity":67,"b:206:8:207:Infinity:undefined:undefined:undefined:undefined":16,"s:206:8:207:Infinity":68,"s:207:10:207:Infinity":69,"s:212:4:212:Infinity":70,"b:214:4:216:Infinity:undefined:undefined:undefined:undefined":17,"s:214:4:216:Infinity":71,"s:215:6:216:Infinity":72,"f:215:6:215:19":8,"s:216:8:216:Infinity":73,"s:222:8:257:Infinity":74,"f:222:40:222:47":9,"b:223:6:224:Infinity:undefined:undefined:undefined:undefined":18,"s:223:6:224:Infinity":75,"s:224:8:224:Infinity":76,"b:227:6:233:Infinity:undefined:undefined:undefined:undefined":19,"s:227:6:233:Infinity":77,"b:227:10:227:36:227:36:227:59":20,"s:228:8:228:Infinity":78,"s:229:8:229:Infinity":79,"s:230:8:230:Infinity":80,"s:231:8:231:Infinity":81,"s:232:8:232:Infinity":82,"s:233:8:233:Infinity":83,"s:236:6:254:Infinity":84,"s:237:29:237:70":85,"b:238:8:239:Infinity:undefined:undefined:undefined:undefined":21,"s:238:8:239:Infinity":86,"s:239:10:239:Infinity":87,"s:241:8:241:Infinity":88,"s:242:8:242:Infinity":89,"s:243:8:243:Infinity":90,"b:243:39:243:44:243:44:243:63":22,"s:244:8:244:Infinity":91,"b:246:8:247:Infinity:undefined:undefined:undefined:undefined":23,"s:246:8:247:Infinity":92,"s:247:10:247:Infinity":93,"s:249:8:249:Infinity":94,"s:250:8:250:Infinity":95,"s:251:8:251:Infinity":96,"b:253:8:254:Infinity:undefined:undefined:undefined:undefined":24,"s:253:8:254:Infinity":97,"s:254:10:254:Infinity":98,"s:259:4:261:Infinity":99,"f:259:4:259:17":10,"s:260:6:260:Infinity":100,"s:261:6:261:Infinity":101,"s:265:2:271:Infinity":102,"f:265:2:265:18":11,"s:266:41:266:70":103,"b:268:4:269:Infinity:undefined:undefined:undefined:undefined":25,"s:268:4:269:Infinity":104,"b:268:8:268:26:268:26:268:38:268:38:268:46:268:46:268:75:268:75:268:106":26,"s:269:6:269:Infinity":105,"s:273:23:281:Infinity":106,"f:273:23:273:35":12,"b:274:4:275:Infinity:undefined:undefined:undefined:undefined":27,"s:274:4:275:Infinity":107,"s:275:6:275:Infinity":108,"s:277:4:277:Infinity":109,"s:278:4:278:Infinity":110,"s:279:4:279:Infinity":111,"s:280:4:280:Infinity":112,"s:281:4:281:Infinity":113,"s:284:30:308:Infinity":114,"f:284:30:284:37":13,"b:285:4:286:Infinity:undefined:undefined:undefined:undefined":28,"s:285:4:286:Infinity":115,"s:286:6:286:Infinity":116,"s:289:4:289:Infinity":117,"s:290:4:290:Infinity":118,"s:292:42:296:15":119,"b:298:4:301:Infinity:undefined:undefined:undefined:undefined":29,"s:298:4:301:Infinity":120,"s:299:6:299:Infinity":121,"s:300:6:300:Infinity":122,"s:301:6:301:Infinity":123,"s:304:25:304:Infinity":124,"b:304:25:304:47:304:47:304:Infinity":30,"s:305:4:305:Infinity":125,"s:306:4:306:Infinity":126,"s:307:4:307:Infinity":127,"s:308:4:308:Infinity":128,"s:311:8:333:8":129,"f:311:15:311:29":14,"s:312:19:312:21":130,"s:313:20:313:Infinity":131,"s:314:17:314:Infinity":132,"s:316:4:328:Infinity":133,"s:316:19:316:22":134,"s:317:6:328:Infinity":135,"s:317:21:317:24":136,"s:318:22:318:Infinity":137,"s:319:14:319:Infinity":138,"s:320:14:320:Infinity":139,"s:321:18:321:46":140,"s:322:14:322:Infinity":141,"s:323:14:323:Infinity":142,"s:324:14:324:Infinity":143,"s:325:14:325:Infinity":144,"s:326:22:326:Infinity":145,"s:327:25:327:Infinity":146,"s:328:8:328:Infinity":147,"s:332:4:332:Infinity":148,"s:335:8:339:Infinity":149,"f:335:8:335:28":15,"s:336:17:336:60":150,"s:337:10:337:Infinity":151,"s:338:10:338:Infinity":152,"s:339:4:339:Infinity":153,"s:342:8:342:58":154,"f:342:8:342:32":16,"s:342:32:342:58":155,"s:344:31:363:Infinity":156,"f:344:31:344:43":17,"s:345:4:345:Infinity":157,"b:347:4:349:Infinity:undefined:undefined:undefined:undefined":31,"s:347:4:349:Infinity":158,"s:348:6:348:Infinity":159,"s:349:6:349:Infinity":160,"s:352:4:352:Infinity":161,"s:354:22:359:6":162,"b:361:4:363:Infinity:undefined:undefined:undefined:undefined":32,"s:361:4:363:Infinity":163,"s:362:6:362:Infinity":164,"s:363:6:363:Infinity":165,"s:367:2:397:Infinity":166,"f:367:2:367:18":18,"b:368:4:369:Infinity:undefined:undefined:undefined:undefined":33,"s:368:4:369:Infinity":167,"s:369:6:369:Infinity":168,"s:372:18:372:62":169,"b:374:4:375:Infinity:undefined:undefined:undefined:undefined":34,"s:374:4:375:Infinity":170,"s:375:6:375:Infinity":171,"s:378:21:388:Infinity":172,"f:378:25:378:Infinity":19,"s:380:8:386:Infinity":173,"f:380:16:380:25":20,"b:381:10:384:Infinity:383:17:384:Infinity":35,"s:381:10:384:Infinity":174,"s:382:12:382:Infinity":175,"s:384:12:384:Infinity":176,"s:391:4:391:Infinity":177,"f:391:10:391:19":21,"s:391:28:391:50":178,"s:393:4:395:Infinity":179,"f:393:4:393:17":22,"s:394:6:394:Infinity":180,"f:394:12:394:21":23,"s:394:30:394:54":181,"s:395:6:395:Infinity":182,"s:399:2:404:Infinity":183,"f:399:2:399:18":24,"s:400:10:400:62":184,"f:400:10:400:27":25,"s:400:27:400:62":185,"s:401:4:401:Infinity":186,"s:402:4:402:Infinity":187,"s:403:4:403:Infinity":188,"f:403:4:403:17":26,"s:403:17:403:63":189,"s:406:0:601:Infinity":190,"b:411:57:411:73:411:73:411:Infinity":36,"b:424:32:424:Infinity:424:79:424:Infinity":37,"b:424:13:424:25:424:25:424:32":38,"b:425:64:425:79:425:79:425:Infinity":39,"b:426:31:426:53:426:53:426:Infinity":40,"b:426:64:426:75:426:75:426:Infinity":41,"f:452:22:452:27":27,"s:453:18:461:Infinity":191,"b:481:18:481:Infinity:482:18:484:Infinity":42,"b:480:15:480:27:480:27:480:Infinity":43,"b:483:20:483:Infinity:484:20:484:Infinity":44,"b:482:18:482:30:482:30:482:Infinity":45,"b:488:12:503:Infinity:503:14:503:Infinity":46,"b:487:11:487:23:487:23:487:32:487:32:487:Infinity":47,"f:494:26:494:41":28,"s:494:41:494:73":192,"f:497:26:497:41":29,"s:497:41:497:72":193,"b:504:23:504:Infinity:504:67:504:Infinity":48}}}
,"/Users/joshsawyer/Desktop/UNI/SECOND-YEAR/SOFTWARE-DESIGN/LAB5/2341092-lab5/Learnership-Application/frontend/src/lib/supabaseClient.js": {"path":"/Users/joshsawyer/Desktop/UNI/SECOND-YEAR/SOFTWARE-DESIGN/LAB5/2341092-lab5/Learnership-Application/frontend/src/lib/supabaseClient.js","statementMap":{"0":{"start":{"line":3,"column":20},"end":{"line":3,"column":null}},"1":{"start":{"line":4,"column":24},"end":{"line":4,"column":null}},"2":{"start":{"line":6,"column":33},"end":{"line":6,"column":71}},"3":{"start":{"line":8,"column":13},"end":{"line":10,"column":null}}},"fnMap":{},"branchMap":{"0":{"loc":{"start":{"line":6,"column":41},"end":{"line":6,"column":71}},"type":"binary-expr","locations":[{"start":{"line":6,"column":41},"end":{"line":6,"column":56}},{"start":{"line":6,"column":56},"end":{"line":6,"column":71}}],"line":6},"1":{"loc":{"start":{"line":9,"column":2},"end":{"line":9,"column":null}},"type":"binary-expr","locations":[{"start":{"line":9,"column":2},"end":{"line":9,"column":17}},{"start":{"line":9,"column":17},"end":{"line":9,"column":null}}],"line":9},"2":{"loc":{"start":{"line":10,"column":2},"end":{"line":10,"column":null}},"type":"binary-expr","locations":[{"start":{"line":10,"column":2},"end":{"line":10,"column":21}},{"start":{"line":10,"column":21},"end":{"line":10,"column":null}}],"line":10}},"s":{"0":3,"1":3,"2":3,"3":3},"f":{},"b":{"0":[3,3],"1":[3,0],"2":[3,0]},"meta":{"lastBranch":3,"lastFunction":0,"lastStatement":4,"seen":{"s:3:20:3:Infinity":0,"s:4:24:4:Infinity":1,"s:6:33:6:71":2,"b:6:41:6:56:6:56:6:71":0,"s:8:13:10:Infinity":3,"b:9:2:9:17:9:17:9:Infinity":1,"b:10:2:10:21:10:21:10:Infinity":2}}}
,"/Users/joshsawyer/Desktop/UNI/SECOND-YEAR/SOFTWARE-DESIGN/LAB5/2341092-lab5/Learnership-Application/frontend/src/pages/Admin.jsx": {"path":"/Users/joshsawyer/Desktop/UNI/SECOND-YEAR/SOFTWARE-DESIGN/LAB5/2341092-lab5/Learnership-Application/frontend/src/pages/Admin.jsx","statementMap":{"0":{"start":{"line":2,"column":2},"end":{"line":14,"column":null}}},"fnMap":{"0":{"name":"Admin","decl":{"start":{"line":1,"column":24},"end":{"line":1,"column":30}},"loc":{"start":{"line":1,"column":44},"end":{"line":14,"column":null}},"line":1}},"branchMap":{},"s":{"0":3},"f":{"0":3},"b":{},"meta":{"lastBranch":0,"lastFunction":1,"lastStatement":1,"seen":{"f:1:24:1:30":0,"s:2:2:14:Infinity":0}}}
,"/Users/joshsawyer/Desktop/UNI/SECOND-YEAR/SOFTWARE-DESIGN/LAB5/2341092-lab5/Learnership-Application/frontend/src/pages/ApplicantProfile.jsx": {"path":"/Users/joshsawyer/Desktop/UNI/SECOND-YEAR/SOFTWARE-DESIGN/LAB5/2341092-lab5/Learnership-Application/frontend/src/pages/ApplicantProfile.jsx","statementMap":{"0":{"start":{"line":4,"column":21},"end":{"line":8,"column":null}},"1":{"start":{"line":11,"column":2},"end":{"line":67,"column":null}},"2":{"start":{"line":53,"column":12},"end":{"line":56,"column":null}}},"fnMap":{"0":{"name":"ApplicantProfile","decl":{"start":{"line":10,"column":24},"end":{"line":10,"column":41}},"loc":{"start":{"line":10,"column":55},"end":{"line":67,"column":null}},"line":10},"1":{"name":"(anonymous_1)","decl":{"start":{"line":52,"column":24},"end":{"line":52,"column":29}},"loc":{"start":{"line":53,"column":12},"end":{"line":56,"column":null}},"line":53}},"branchMap":{},"s":{"0":4,"1":1,"2":3},"f":{"0":1,"1":3},"b":{},"meta":{"lastBranch":0,"lastFunction":2,"lastStatement":3,"seen":{"s:4:21:8:Infinity":0,"f:10:24:10:41":0,"s:11:2:67:Infinity":1,"f:52:24:52:29":1,"s:53:12:56:Infinity":2}}}
,"/Users/joshsawyer/Desktop/UNI/SECOND-YEAR/SOFTWARE-DESIGN/LAB5/2341092-lab5/Learnership-Application/frontend/src/pages/Dashboard.jsx": {"path":"/Users/joshsawyer/Desktop/UNI/SECOND-YEAR/SOFTWARE-DESIGN/LAB5/2341092-lab5/Learnership-Application/frontend/src/pages/Dashboard.jsx","statementMap":{"0":{"start":{"line":4,"column":19},"end":{"line":8,"column":null}},"1":{"start":{"line":10,"column":26},"end":{"line":26,"column":null}},"2":{"start":{"line":28,"column":23},"end":{"line":28,"column":null}},"3":{"start":{"line":31,"column":2},"end":{"line":88,"column":null}},"4":{"start":{"line":52,"column":10},"end":{"line":55,"column":null}},"5":{"start":{"line":60,"column":67},"end":{"line":60,"column":89}},"6":{"start":{"line":66,"column":14},"end":{"line":66,"column":null}},"7":{"start":{"line":78,"column":14},"end":{"line":82,"column":null}}},"fnMap":{"0":{"name":"Dashboard","decl":{"start":{"line":30,"column":24},"end":{"line":30,"column":34}},"loc":{"start":{"line":30,"column":48},"end":{"line":88,"column":null}},"line":30},"1":{"name":"(anonymous_1)","decl":{"start":{"line":51,"column":20},"end":{"line":51,"column":25}},"loc":{"start":{"line":52,"column":10},"end":{"line":55,"column":null}},"line":52},"2":{"name":"(anonymous_2)","decl":{"start":{"line":60,"column":46},"end":{"line":60,"column":57}},"loc":{"start":{"line":60,"column":67},"end":{"line":60,"column":89}},"line":60},"3":{"name":"(anonymous_3)","decl":{"start":{"line":65,"column":28},"end":{"line":65,"column":33}},"loc":{"start":{"line":66,"column":14},"end":{"line":66,"column":null}},"line":66},"4":{"name":"(anonymous_4)","decl":{"start":{"line":77,"column":31},"end":{"line":77,"column":36}},"loc":{"start":{"line":78,"column":14},"end":{"line":82,"column":null}},"line":78}},"branchMap":{},"s":{"0":4,"1":4,"2":4,"3":5,"4":15,"5":0,"6":20,"7":15},"f":{"0":5,"1":15,"2":0,"3":20,"4":15},"b":{},"meta":{"lastBranch":0,"lastFunction":5,"lastStatement":8,"seen":{"s:4:19:8:Infinity":0,"s:10:26:26:Infinity":1,"s:28:23:28:Infinity":2,"f:30:24:30:34":0,"s:31:2:88:Infinity":3,"f:51:20:51:25":1,"s:52:10:55:Infinity":4,"f:60:46:60:57":2,"s:60:67:60:89":5,"f:65:28:65:33":3,"s:66:14:66:Infinity":6,"f:77:31:77:36":4,"s:78:14:82:Infinity":7}}}
,"/Users/joshsawyer/Desktop/UNI/SECOND-YEAR/SOFTWARE-DESIGN/LAB5/2341092-lab5/Learnership-Application/frontend/src/pages/Provider.jsx": {"path":"/Users/joshsawyer/Desktop/UNI/SECOND-YEAR/SOFTWARE-DESIGN/LAB5/2341092-lab5/Learnership-Application/frontend/src/pages/Provider.jsx","statementMap":{"0":{"start":{"line":1,"column":22},"end":{"line":5,"column":null}},"1":{"start":{"line":7,"column":24},"end":{"line":29,"column":null}},"2":{"start":{"line":31,"column":24},"end":{"line":35,"column":null}},"3":{"start":{"line":38,"column":2},"end":{"line":137,"column":null}},"4":{"start":{"line":73,"column":14},"end":{"line":77,"column":null}},"5":{"start":{"line":84,"column":12},"end":{"line":87,"column":null}},"6":{"start":{"line":103,"column":16},"end":{"line":109,"column":null}}},"fnMap":{"0":{"name":"Provider","decl":{"start":{"line":37,"column":24},"end":{"line":37,"column":33}},"loc":{"start":{"line":37,"column":47},"end":{"line":137,"column":null}},"line":37},"1":{"name":"(anonymous_1)","decl":{"start":{"line":72,"column":29},"end":{"line":72,"column":34}},"loc":{"start":{"line":73,"column":14},"end":{"line":77,"column":null}},"line":73},"2":{"name":"(anonymous_2)","decl":{"start":{"line":83,"column":25},"end":{"line":83,"column":30}},"loc":{"start":{"line":84,"column":12},"end":{"line":87,"column":null}},"line":84},"3":{"name":"(anonymous_3)","decl":{"start":{"line":102,"column":31},"end":{"line":102,"column":36}},"loc":{"start":{"line":103,"column":16},"end":{"line":109,"column":null}},"line":103}},"branchMap":{},"s":{"0":3,"1":3,"2":3,"3":3,"4":9,"5":9,"6":9},"f":{"0":3,"1":9,"2":9,"3":9},"b":{},"meta":{"lastBranch":0,"lastFunction":4,"lastStatement":7,"seen":{"s:1:22:5:Infinity":0,"s:7:24:29:Infinity":1,"s:31:24:35:Infinity":2,"f:37:24:37:33":0,"s:38:2:137:Infinity":3,"f:72:29:72:34":1,"s:73:14:77:Infinity":4,"f:83:25:83:30":2,"s:84:12:87:Infinity":5,"f:102:31:102:36":3,"s:103:16:109:Infinity":6}}}
,"/Users/joshsawyer/Desktop/UNI/SECOND-YEAR/SOFTWARE-DESIGN/LAB5/2341092-lab5/Learnership-Application/frontend/src/pages/UserPages.css": {"path":"/Users/joshsawyer/Desktop/UNI/SECOND-YEAR/SOFTWARE-DESIGN/LAB5/2341092-lab5/Learnership-Application/frontend/src/pages/UserPages.css","statementMap":{},"fnMap":{},"branchMap":{},"s":{},"f":{},"b":{},"meta":{"lastBranch":0,"lastFunction":0,"lastStatement":0,"seen":{}}}
}
